03:19:15.090 [main] DEBUG org.testng.TestNG - suiteXmlPath: "C:\Users\Nikhi\eclipse-workspace\opencartv121\testng.xml"
03:19:15.420 [main] INFO  org.testng.internal.Utils - [TestNG] Running:
  C:\Users\Nikhi\eclipse-workspace\opencartv121\testng.xml

03:21:43.982 [main] DEBUG org.testng.TestNG - suiteXmlPath: "C:\Users\Nikhi\eclipse-workspace\opencartv121\testng.xml"
03:21:44.321 [main] INFO  org.testng.internal.Utils - [TestNG] Running:
  C:\Users\Nikhi\eclipse-workspace\opencartv121\testng.xml

03:21:47.167 [main] DEBUG org.apache.poi.openxml4j.opc.PackageRelationshipCollection - Parsing relationship: /xl/_rels/workbook.xml.rels
03:21:47.171 [main] DEBUG org.apache.poi.openxml4j.opc.PackageRelationshipCollection - Parsing relationship: /xl/worksheets/_rels/sheet1.xml.rels
03:21:47.172 [main] DEBUG org.apache.poi.openxml4j.opc.PackageRelationshipCollection - Parsing relationship: /_rels/.rels
03:21:47.673 [main] DEBUG org.apache.poi.ooxml.POIXMLFactory - using default POIXMLDocumentPart for http://schemas.openxmlformats.org/officeDocument/2006/relationships/printerSettings
03:21:47.825 [main] WARN  org.apache.poi.xssf.usermodel.XSSFWorkbook - Cloning sheets with page setup is not yet supported.
03:23:17.404 [main] DEBUG org.testng.TestNG - suiteXmlPath: "C:\Users\Nikhi\eclipse-workspace\opencartv121\testng.xml"
03:23:17.749 [main] INFO  org.testng.internal.Utils - [TestNG] Running:
  C:\Users\Nikhi\eclipse-workspace\opencartv121\testng.xml

03:23:20.532 [main] DEBUG org.apache.poi.openxml4j.opc.PackageRelationshipCollection - Parsing relationship: /xl/_rels/workbook.xml.rels
03:23:20.537 [main] DEBUG org.apache.poi.openxml4j.opc.PackageRelationshipCollection - Parsing relationship: /xl/worksheets/_rels/sheet1.xml.rels
03:23:20.538 [main] DEBUG org.apache.poi.openxml4j.opc.PackageRelationshipCollection - Parsing relationship: /_rels/.rels
03:23:20.966 [main] DEBUG org.apache.poi.ooxml.POIXMLFactory - using default POIXMLDocumentPart for http://schemas.openxmlformats.org/officeDocument/2006/relationships/printerSettings
03:23:21.103 [main] WARN  org.apache.poi.xssf.usermodel.XSSFWorkbook - Cloning sheets with page setup is not yet supported.
03:44:22.177 [main] DEBUG org.testng.TestNG - suiteXmlPath: "C:\Users\Nikhi\eclipse-workspace\opencartv121\testng.xml"
03:44:22.505 [main] INFO  org.testng.internal.Utils - [TestNG] Running:
  C:\Users\Nikhi\eclipse-workspace\opencartv121\testng.xml

03:44:24.810 [main] DEBUG org.apache.poi.openxml4j.opc.PackageRelationshipCollection - Parsing relationship: /xl/_rels/workbook.xml.rels
03:44:24.812 [main] DEBUG org.apache.poi.openxml4j.opc.PackageRelationshipCollection - Parsing relationship: /xl/worksheets/_rels/sheet1.xml.rels
03:44:24.813 [main] DEBUG org.apache.poi.openxml4j.opc.PackageRelationshipCollection - Parsing relationship: /_rels/.rels
03:44:25.129 [main] DEBUG org.apache.poi.ooxml.POIXMLFactory - using default POIXMLDocumentPart for http://schemas.openxmlformats.org/officeDocument/2006/relationships/printerSettings
03:48:49.040 [main] DEBUG org.testng.TestNG - suiteXmlPath: "C:\Users\Nikhi\eclipse-workspace\opencartv121\testng.xml"
03:48:49.221 [main] INFO  org.testng.internal.Utils - [TestNG] Running:
  C:\Users\Nikhi\eclipse-workspace\opencartv121\testng.xml

03:48:51.083 [main] DEBUG org.apache.poi.openxml4j.opc.PackageRelationshipCollection - Parsing relationship: /xl/_rels/workbook.xml.rels
03:48:51.086 [main] DEBUG org.apache.poi.openxml4j.opc.PackageRelationshipCollection - Parsing relationship: /xl/worksheets/_rels/sheet1.xml.rels
03:48:51.087 [main] DEBUG org.apache.poi.openxml4j.opc.PackageRelationshipCollection - Parsing relationship: /_rels/.rels
03:48:51.339 [main] DEBUG org.apache.poi.ooxml.POIXMLFactory - using default POIXMLDocumentPart for http://schemas.openxmlformats.org/officeDocument/2006/relationships/printerSettings
03:48:51.414 [main] INFO  testCases.TC003_DDTTesting - TC003_DDTTesting started
03:48:51.493 [main] INFO  testCases.TC003_DDTTesting - Clicked Account
03:48:51.687 [main] INFO  testCases.TC003_DDTTesting - clicked Login
03:48:51.768 [main] INFO  testCases.TC003_DDTTesting - entered email
03:48:51.838 [main] INFO  testCases.TC003_DDTTesting - entered password
03:48:51.892 [main] INFO  testCases.TC003_DDTTesting - clicked on submit btn
03:48:53.352 [main] INFO  testCases.TC003_DDTTesting - **** Finished TC_003_LoginDDT *****
03:48:53.356 [main] INFO  testCases.TC003_DDTTesting - TC003_DDTTesting started
03:48:53.398 [main] INFO  testCases.TC003_DDTTesting - Clicked Account
03:48:53.585 [main] INFO  testCases.TC003_DDTTesting - clicked Login
03:48:53.639 [main] INFO  testCases.TC003_DDTTesting - entered email
03:48:53.681 [main] INFO  testCases.TC003_DDTTesting - entered password
03:48:54.193 [main] INFO  testCases.TC003_DDTTesting - clicked on submit btn
03:50:14.671 [main] INFO  testCases.TC003_DDTTesting - **** Finished TC_003_LoginDDT *****
03:50:14.676 [main] INFO  testCases.TC003_DDTTesting - TC003_DDTTesting started
03:50:14.691 [main] INFO  testCases.TC003_DDTTesting - TC003_DDTTesting started
03:57:26.877 [main] DEBUG org.testng.TestNG - suiteXmlPath: "C:\Users\Nikhi\eclipse-workspace\opencartv121\testng.xml"
03:57:27.049 [main] INFO  org.testng.internal.Utils - [TestNG] Running:
  C:\Users\Nikhi\eclipse-workspace\opencartv121\testng.xml

03:57:29.251 [main] DEBUG org.apache.poi.openxml4j.opc.PackageRelationshipCollection - Parsing relationship: /xl/_rels/workbook.xml.rels
03:57:29.254 [main] DEBUG org.apache.poi.openxml4j.opc.PackageRelationshipCollection - Parsing relationship: /xl/worksheets/_rels/sheet1.xml.rels
03:57:29.255 [main] DEBUG org.apache.poi.openxml4j.opc.PackageRelationshipCollection - Parsing relationship: /_rels/.rels
03:57:29.485 [main] DEBUG org.apache.poi.ooxml.POIXMLFactory - using default POIXMLDocumentPart for http://schemas.openxmlformats.org/officeDocument/2006/relationships/printerSettings
03:57:29.559 [main] INFO  testCases.TC003_DDTTesting - TC003_DDTTesting started
03:57:29.622 [main] INFO  testCases.TC003_DDTTesting - Clicked Account
03:57:29.827 [main] INFO  testCases.TC003_DDTTesting - clicked Login
03:57:29.909 [main] INFO  testCases.TC003_DDTTesting - entered email
03:57:29.955 [main] INFO  testCases.TC003_DDTTesting - entered password
03:57:29.999 [main] INFO  testCases.TC003_DDTTesting - clicked on submit btn
03:57:30.694 [main] INFO  testCases.TC003_DDTTesting - Login successful for valid credentials: nikhil33153@gmail.com
03:57:30.976 [main] INFO  testCases.TC003_DDTTesting - **** Finished TC_003_LoginDDT *****
03:57:30.980 [main] INFO  testCases.TC003_DDTTesting - TC003_DDTTesting started
03:57:31.026 [main] INFO  testCases.TC003_DDTTesting - Clicked Account
03:57:31.211 [main] INFO  testCases.TC003_DDTTesting - clicked Login
03:57:31.282 [main] INFO  testCases.TC003_DDTTesting - entered email
03:57:31.326 [main] INFO  testCases.TC003_DDTTesting - entered password
03:57:31.367 [main] INFO  testCases.TC003_DDTTesting - clicked on submit btn
04:00:31.382 [main] INFO  testCases.TC003_DDTTesting - Login failed as expected for invalid credentials: sanne70@tghrial.com
04:00:31.383 [main] INFO  testCases.TC003_DDTTesting - **** Finished TC_003_LoginDDT *****
04:00:31.384 [main] INFO  testCases.TC003_DDTTesting - TC003_DDTTesting started
04:03:31.394 [main] INFO  testCases.TC003_DDTTesting - TC003_DDTTesting started
04:04:00.257 [main] DEBUG org.testng.TestNG - suiteXmlPath: "C:\Users\Nikhi\eclipse-workspace\opencartv121\testng.xml"
04:04:00.437 [main] INFO  org.testng.internal.Utils - [TestNG] Running:
  C:\Users\Nikhi\eclipse-workspace\opencartv121\testng.xml

04:04:02.361 [main] DEBUG org.apache.poi.openxml4j.opc.PackageRelationshipCollection - Parsing relationship: /xl/_rels/workbook.xml.rels
04:04:02.366 [main] DEBUG org.apache.poi.openxml4j.opc.PackageRelationshipCollection - Parsing relationship: /xl/worksheets/_rels/sheet1.xml.rels
04:04:02.367 [main] DEBUG org.apache.poi.openxml4j.opc.PackageRelationshipCollection - Parsing relationship: /_rels/.rels
04:04:02.620 [main] DEBUG org.apache.poi.ooxml.POIXMLFactory - using default POIXMLDocumentPart for http://schemas.openxmlformats.org/officeDocument/2006/relationships/printerSettings
04:04:02.690 [main] INFO  testCases.TC003_DDTTesting - TC003_DDTTesting started
04:04:02.758 [main] INFO  testCases.TC003_DDTTesting - Clicked Account
04:04:02.976 [main] INFO  testCases.TC003_DDTTesting - clicked Login
04:04:03.044 [main] INFO  testCases.TC003_DDTTesting - entered email
04:04:03.090 [main] INFO  testCases.TC003_DDTTesting - entered password
04:04:03.772 [main] INFO  testCases.TC003_DDTTesting - clicked on submit btn
04:04:03.798 [main] INFO  testCases.TC003_DDTTesting - ✅ Login successful for valid credentials: nikhil33153@gmail.com
04:04:04.233 [main] INFO  testCases.TC003_DDTTesting - **** Finished TC_003_LoginDDT *****
04:04:04.238 [main] INFO  testCases.TC003_DDTTesting - TC003_DDTTesting started
04:04:04.279 [main] INFO  testCases.TC003_DDTTesting - Clicked Account
04:04:04.525 [main] INFO  testCases.TC003_DDTTesting - clicked Login
04:04:04.605 [main] INFO  testCases.TC003_DDTTesting - entered email
04:04:04.650 [main] INFO  testCases.TC003_DDTTesting - entered password
04:04:04.714 [main] INFO  testCases.TC003_DDTTesting - clicked on submit btn
04:07:04.742 [main] INFO  testCases.TC003_DDTTesting - ❌ Login failed as expected for invalid user: sanne70@tghrial.com
04:07:04.742 [main] INFO  testCases.TC003_DDTTesting - **** Finished TC_003_LoginDDT *****
04:07:04.748 [main] INFO  testCases.TC003_DDTTesting - TC003_DDTTesting started
04:10:04.771 [main] INFO  testCases.TC003_DDTTesting - TC003_DDTTesting started
19:26:14.898 [main] DEBUG org.testng.TestNG - suiteXmlPath: "C:\Users\Nikhi\eclipse-workspace\opencartv121\testng.xml"
19:26:15.216 [main] INFO  org.testng.internal.Utils - [TestNG] Running:
  C:\Users\Nikhi\eclipse-workspace\opencartv121\testng.xml

19:26:19.946 [main] DEBUG org.apache.poi.openxml4j.opc.PackageRelationshipCollection - Parsing relationship: /xl/_rels/workbook.xml.rels
19:26:19.954 [main] DEBUG org.apache.poi.openxml4j.opc.PackageRelationshipCollection - Parsing relationship: /xl/worksheets/_rels/sheet1.xml.rels
19:26:19.958 [main] DEBUG org.apache.poi.openxml4j.opc.PackageRelationshipCollection - Parsing relationship: /_rels/.rels
19:26:20.620 [main] DEBUG org.apache.poi.ooxml.POIXMLFactory - using default POIXMLDocumentPart for http://schemas.openxmlformats.org/officeDocument/2006/relationships/printerSettings
19:26:20.783 [main] INFO  testCases.TC003_DDTTesting - TC003_DDTTesting started
19:26:20.937 [main] INFO  testCases.TC003_DDTTesting - Clicked Account
19:26:21.254 [main] INFO  testCases.TC003_DDTTesting - clicked Login
19:26:21.483 [main] INFO  testCases.TC003_DDTTesting - entered email
19:26:21.576 [main] INFO  testCases.TC003_DDTTesting - entered password
19:26:21.687 [main] INFO  testCases.TC003_DDTTesting - clicked on submit btn
19:26:22.418 [main] INFO  testCases.TC003_DDTTesting - ✅ Login successful for valid credentials: nikhil33153@gmail.com
19:26:22.808 [main] INFO  testCases.TC003_DDTTesting - **** Finished TC_003_LoginDDT *****
19:26:22.826 [main] INFO  testCases.TC003_DDTTesting - TC003_DDTTesting started
19:26:22.957 [main] INFO  testCases.TC003_DDTTesting - Clicked Account
19:26:23.394 [main] INFO  testCases.TC003_DDTTesting - clicked Login
19:26:23.604 [main] INFO  testCases.TC003_DDTTesting - entered email
19:26:23.732 [main] INFO  testCases.TC003_DDTTesting - entered password
19:26:23.839 [main] INFO  testCases.TC003_DDTTesting - clicked on submit btn
19:27:51.677 [main] INFO  testCases.TC003_DDTTesting - ❌ Login failed as expected for invalid user: sanne70@tghrial.com
19:27:51.677 [main] INFO  testCases.TC003_DDTTesting - **** Finished TC_003_LoginDDT *****
19:27:51.682 [main] INFO  testCases.TC003_DDTTesting - TC003_DDTTesting started
19:27:51.709 [main] INFO  testCases.TC003_DDTTesting - TC003_DDTTesting started
19:32:04.462 [main] DEBUG org.testng.TestNG - suiteXmlPath: "C:\Users\Nikhi\eclipse-workspace\opencartv121\testng.xml"
19:32:04.829 [main] INFO  org.testng.internal.Utils - [TestNG] Running:
  C:\Users\Nikhi\eclipse-workspace\opencartv121\testng.xml

19:32:08.128 [main] DEBUG org.apache.poi.openxml4j.opc.PackageRelationshipCollection - Parsing relationship: /xl/_rels/workbook.xml.rels
19:32:08.134 [main] DEBUG org.apache.poi.openxml4j.opc.PackageRelationshipCollection - Parsing relationship: /xl/worksheets/_rels/sheet1.xml.rels
19:32:08.137 [main] DEBUG org.apache.poi.openxml4j.opc.PackageRelationshipCollection - Parsing relationship: /_rels/.rels
19:32:08.671 [main] DEBUG org.apache.poi.ooxml.POIXMLFactory - using default POIXMLDocumentPart for http://schemas.openxmlformats.org/officeDocument/2006/relationships/printerSettings
19:32:08.821 [main] INFO  testCases.TC003_DDTTesting - TC003_DDTTesting started
19:32:08.940 [main] INFO  testCases.TC003_DDTTesting - Clicked Account
19:32:09.247 [main] INFO  testCases.TC003_DDTTesting - clicked Login
19:32:09.453 [main] INFO  testCases.TC003_DDTTesting - entered email
19:32:09.599 [main] INFO  testCases.TC003_DDTTesting - entered password
19:32:10.442 [main] INFO  testCases.TC003_DDTTesting - clicked on submit btn
19:32:10.510 [main] INFO  testCases.TC003_DDTTesting - ✅ Login successful for valid credentials: nikhil33153@gmail.com
19:32:10.906 [main] INFO  testCases.TC003_DDTTesting - **** Finished TC_003_LoginDDT *****
19:32:10.918 [main] INFO  testCases.TC003_DDTTesting - TC003_DDTTesting started
19:32:11.021 [main] INFO  testCases.TC003_DDTTesting - Clicked Account
19:32:11.318 [main] INFO  testCases.TC003_DDTTesting - clicked Login
19:32:11.452 [main] INFO  testCases.TC003_DDTTesting - entered email
19:32:11.585 [main] INFO  testCases.TC003_DDTTesting - entered password
19:32:11.708 [main] INFO  testCases.TC003_DDTTesting - clicked on submit btn
19:35:11.734 [main] INFO  testCases.TC003_DDTTesting - ❌ Login failed as expected for invalid user: sanne70@tghrial.com
19:35:11.735 [main] INFO  testCases.TC003_DDTTesting - **** Finished TC_003_LoginDDT *****
19:35:11.749 [main] INFO  testCases.TC003_DDTTesting - TC003_DDTTesting started
19:38:11.783 [main] INFO  testCases.TC003_DDTTesting - TC003_DDTTesting started
19:44:47.787 [main] DEBUG org.testng.TestNG - suiteXmlPath: "C:\Users\Nikhi\eclipse-workspace\opencartv121\testng.xml"
19:44:48.181 [main] INFO  org.testng.internal.Utils - [TestNG] Running:
  C:\Users\Nikhi\eclipse-workspace\opencartv121\testng.xml

19:44:51.368 [main] DEBUG org.apache.poi.openxml4j.opc.PackageRelationshipCollection - Parsing relationship: /xl/_rels/workbook.xml.rels
19:44:51.372 [main] DEBUG org.apache.poi.openxml4j.opc.PackageRelationshipCollection - Parsing relationship: /xl/worksheets/_rels/sheet1.xml.rels
19:44:51.374 [main] DEBUG org.apache.poi.openxml4j.opc.PackageRelationshipCollection - Parsing relationship: /_rels/.rels
19:44:51.915 [main] DEBUG org.apache.poi.ooxml.POIXMLFactory - using default POIXMLDocumentPart for http://schemas.openxmlformats.org/officeDocument/2006/relationships/printerSettings
19:44:52.039 [main] INFO  testCases.TC003_DDTTesting - TC003_DDTTesting started
19:44:52.188 [main] INFO  testCases.TC003_DDTTesting - Clicked Account
19:44:52.510 [main] INFO  testCases.TC003_DDTTesting - clicked Login
19:44:52.686 [main] INFO  testCases.TC003_DDTTesting - entered email
19:44:52.791 [main] INFO  testCases.TC003_DDTTesting - entered password
19:44:53.503 [main] INFO  testCases.TC003_DDTTesting - clicked on submit btn
19:44:53.564 [main] INFO  testCases.TC003_DDTTesting - ✅ Login successful for valid credentials: nikhil33153@gmail.com
19:44:53.974 [main] INFO  testCases.TC003_DDTTesting - **** Finished TC_003_LoginDDT *****
19:44:53.984 [main] INFO  testCases.TC003_DDTTesting - TC003_DDTTesting started
19:44:54.083 [main] INFO  testCases.TC003_DDTTesting - Clicked Account
19:44:54.350 [main] INFO  testCases.TC003_DDTTesting - clicked Login
19:44:54.506 [main] INFO  testCases.TC003_DDTTesting - entered email
19:44:54.649 [main] INFO  testCases.TC003_DDTTesting - entered password
19:44:55.053 [main] INFO  testCases.TC003_DDTTesting - clicked on submit btn
19:47:55.067 [main] INFO  testCases.TC003_DDTTesting - ❌ Login failed as expected for invalid user: sanne70@tghrial.com
19:47:55.068 [main] INFO  testCases.TC003_DDTTesting - **** Finished TC_003_LoginDDT *****
19:47:55.073 [main] INFO  testCases.TC003_DDTTesting - TC003_DDTTesting started
19:50:55.105 [main] INFO  testCases.TC003_DDTTesting - TC003_DDTTesting started
19:16:57.187 [main] DEBUG org.testng.TestNG - suiteXmlPath: "C:\Users\Nikhi\eclipse-workspace\opencartv121\grouping.xml"
19:16:57.491 [main] INFO  org.testng.internal.Utils - [TestNG] Running:
  C:\Users\Nikhi\eclipse-workspace\opencartv121\grouping.xml

19:17:09.028 [main] DEBUG org.testng.TestNG - suiteXmlPath: "C:\Users\Nikhi\eclipse-workspace\opencartv121\grouping.xml"
19:17:09.361 [main] INFO  org.testng.internal.Utils - [TestNG] Running:
  C:\Users\Nikhi\eclipse-workspace\opencartv121\grouping.xml

19:19:40.071 [main] DEBUG org.testng.TestNG - suiteXmlPath: "C:\Users\Nikhi\eclipse-workspace\opencartv121\grouping.xml"
19:19:40.408 [main] INFO  org.testng.internal.Utils - [TestNG] Running:
  C:\Users\Nikhi\eclipse-workspace\opencartv121\grouping.xml

19:23:13.420 [main] DEBUG org.testng.TestNG - suiteXmlPath: "C:\Users\Nikhi\eclipse-workspace\opencartv121\grouping.xml"
19:23:13.755 [main] INFO  org.testng.internal.Utils - [TestNG] Running:
  C:\Users\Nikhi\eclipse-workspace\opencartv121\grouping.xml

19:23:43.126 [main] INFO  testCases.TC001_AccountRegistration - Test case TC001_AccountRegistration started
19:23:43.348 [main] INFO  testCases.TC001_AccountRegistration - Clicked my account link
19:23:43.852 [main] INFO  testCases.TC001_AccountRegistration - clicked Registrtation link
19:23:43.856 [main] INFO  testCases.TC001_AccountRegistration - Providing customer details
19:23:45.972 [main] INFO  testCases.TC001_AccountRegistration - Validating expected msg
19:23:45.973 [main] INFO  testCases.TC001_AccountRegistration - Your Account Has Been Created!
19:23:45.976 [main] INFO  testCases.TC001_AccountRegistration - Finished TC001_AccountRegistration test case
19:23:48.827 [main] INFO  testCases.TC002_AccountLogin - ...TC002_AccountLogin started ...
19:23:48.976 [main] INFO  testCases.TC002_AccountLogin - Clicked Account
19:23:49.482 [main] INFO  testCases.TC002_AccountLogin - clicked Login
19:23:49.652 [main] INFO  testCases.TC002_AccountLogin - entered email
19:23:49.741 [main] INFO  testCases.TC002_AccountLogin - entered password
19:23:49.846 [main] INFO  testCases.TC002_AccountLogin - clicked on submit btn
19:24:19.922 [main] INFO  testCases.TC002_AccountLogin - Page exists
19:24:19.922 [main] INFO  testCases.TC002_AccountLogin - Finished TC002_AccountLogin 
19:27:22.373 [main] DEBUG org.testng.TestNG - suiteXmlPath: "C:\Users\Nikhi\eclipse-workspace\opencartv121\grouping.xml"
19:27:22.717 [main] INFO  org.testng.internal.Utils - [TestNG] Running:
  C:\Users\Nikhi\eclipse-workspace\opencartv121\grouping.xml

19:28:12.474 [main] INFO  testCases.TC001_AccountRegistration - Test case TC001_AccountRegistration started
19:28:12.667 [main] INFO  testCases.TC001_AccountRegistration - Clicked my account link
19:28:16.549 [main] INFO  testCases.TC001_AccountRegistration - clicked Registrtation link
19:28:16.557 [main] INFO  testCases.TC001_AccountRegistration - Providing customer details
19:28:22.221 [main] INFO  testCases.TC001_AccountRegistration - Validating expected msg
19:28:22.221 [main] INFO  testCases.TC001_AccountRegistration - Your Account Has Been Created!
19:28:22.231 [main] INFO  testCases.TC001_AccountRegistration - Finished TC001_AccountRegistration test case
20:16:54.573 [main] DEBUG org.testng.TestNG - suiteXmlPath: "C:\Users\Nikhi\eclipse-workspace\opencartv121\grouping.xml"
20:16:54.930 [main] INFO  org.testng.internal.Utils - [TestNG] Running:
  C:\Users\Nikhi\eclipse-workspace\opencartv121\grouping.xml

20:16:59.248 [main] INFO  testCases.TC001_AccountRegistration - Test case TC001_AccountRegistration started
20:16:59.430 [main] INFO  testCases.TC001_AccountRegistration - Clicked my account link
20:16:59.968 [main] INFO  testCases.TC001_AccountRegistration - clicked Registrtation link
20:16:59.971 [main] INFO  testCases.TC001_AccountRegistration - Providing customer details
20:17:02.183 [main] INFO  testCases.TC001_AccountRegistration - Validating expected msg
20:17:02.183 [main] INFO  testCases.TC001_AccountRegistration - Your Account Has Been Created!
20:17:02.185 [main] INFO  testCases.TC001_AccountRegistration - Finished TC001_AccountRegistration test case
20:17:05.533 [main] INFO  testCases.TC002_AccountLogin - ...TC002_AccountLogin started ...
20:17:05.725 [main] INFO  testCases.TC002_AccountLogin - Clicked Account
20:17:06.190 [main] INFO  testCases.TC002_AccountLogin - clicked Login
20:17:06.368 [main] INFO  testCases.TC002_AccountLogin - entered email
20:17:06.440 [main] INFO  testCases.TC002_AccountLogin - entered password
20:17:07.236 [main] INFO  testCases.TC002_AccountLogin - clicked on submit btn
20:17:37.301 [main] INFO  testCases.TC002_AccountLogin - Page exists
20:17:37.301 [main] INFO  testCases.TC002_AccountLogin - Finished TC002_AccountLogin 
20:22:17.193 [main] DEBUG org.testng.TestNG - suiteXmlPath: "C:\Users\Nikhi\eclipse-workspace\opencartv121\grouping.xml"
20:22:17.507 [main] INFO  org.testng.internal.Utils - [TestNG] Running:
  C:\Users\Nikhi\eclipse-workspace\opencartv121\grouping.xml

20:22:21.708 [main] INFO  testCases.TC001_AccountRegistration - Test case TC001_AccountRegistration started
20:22:21.840 [main] INFO  testCases.TC001_AccountRegistration - Clicked my account link
20:22:23.458 [main] INFO  testCases.TC001_AccountRegistration - clicked Registrtation link
20:22:23.461 [main] INFO  testCases.TC001_AccountRegistration - Providing customer details
20:22:25.174 [main] INFO  testCases.TC001_AccountRegistration - Validating expected msg
20:22:25.174 [main] INFO  testCases.TC001_AccountRegistration - Your Account Has Been Created!
20:22:25.181 [main] INFO  testCases.TC001_AccountRegistration - Finished TC001_AccountRegistration test case
20:22:27.654 [main] INFO  testCases.TC002_AccountLogin - ...TC002_AccountLogin started ...
20:22:27.747 [main] INFO  testCases.TC002_AccountLogin - Clicked Account
20:22:28.025 [main] INFO  testCases.TC002_AccountLogin - clicked Login
20:22:28.143 [main] INFO  testCases.TC002_AccountLogin - entered email
20:22:28.266 [main] INFO  testCases.TC002_AccountLogin - entered password
20:22:28.374 [main] INFO  testCases.TC002_AccountLogin - clicked on submit btn
20:25:58.374 [main] INFO  testCases.TC002_AccountLogin - Page exists
20:33:10.581 [main] DEBUG org.testng.TestNG - suiteXmlPath: "C:\Users\Nikhi\eclipse-workspace\opencartv121\grouping.xml"
20:33:10.941 [main] INFO  org.testng.internal.Utils - [TestNG] Running:
  C:\Users\Nikhi\eclipse-workspace\opencartv121\grouping.xml

20:33:31.536 [main] INFO  testCases.TC001_AccountRegistration - Test case TC001_AccountRegistration started
20:33:31.669 [main] INFO  testCases.TC001_AccountRegistration - Clicked my account link
20:33:32.258 [main] INFO  testCases.TC001_AccountRegistration - clicked Registrtation link
20:33:32.267 [main] INFO  testCases.TC001_AccountRegistration - Providing customer details
20:33:34.105 [main] INFO  testCases.TC001_AccountRegistration - Validating expected msg
20:33:34.105 [main] INFO  testCases.TC001_AccountRegistration - Your Account Has Been Created!
20:33:34.112 [main] INFO  testCases.TC001_AccountRegistration - Finished TC001_AccountRegistration test case
20:33:37.154 [main] INFO  testCases.TC002_AccountLogin - ...TC002_AccountLogin started ...
20:33:37.254 [main] INFO  testCases.TC002_AccountLogin - Clicked Account
20:33:37.688 [main] INFO  testCases.TC002_AccountLogin - clicked Login
20:33:37.819 [main] INFO  testCases.TC002_AccountLogin - entered email
20:33:37.884 [main] INFO  testCases.TC002_AccountLogin - entered password
20:33:37.958 [main] INFO  testCases.TC002_AccountLogin - clicked on submit btn
20:35:49.145 [main] WARN  testCases.TC002_AccountLogin - Login failed — My Account page not displayed.
20:36:24.824 [main] DEBUG org.testng.TestNG - suiteXmlPath: "C:\Users\Nikhi\eclipse-workspace\opencartv121\grouping.xml"
20:36:25.186 [main] INFO  org.testng.internal.Utils - [TestNG] Running:
  C:\Users\Nikhi\eclipse-workspace\opencartv121\grouping.xml

20:36:29.366 [main] INFO  testCases.TC001_AccountRegistration - Test case TC001_AccountRegistration started
20:36:29.539 [main] INFO  testCases.TC001_AccountRegistration - Clicked my account link
20:36:31.581 [main] INFO  testCases.TC001_AccountRegistration - clicked Registrtation link
20:36:31.583 [main] INFO  testCases.TC001_AccountRegistration - Providing customer details
20:36:33.332 [main] INFO  testCases.TC001_AccountRegistration - Validating expected msg
20:36:33.332 [main] INFO  testCases.TC001_AccountRegistration - Your Account Has Been Created!
20:36:33.340 [main] INFO  testCases.TC001_AccountRegistration - Finished TC001_AccountRegistration test case
20:36:39.652 [main] INFO  testCases.TC002_AccountLogin - ...TC002_AccountLogin started ...
20:36:39.851 [main] INFO  testCases.TC002_AccountLogin - Clicked Account
20:36:40.380 [main] INFO  testCases.TC002_AccountLogin - clicked Login
20:36:40.500 [main] INFO  testCases.TC002_AccountLogin - entered email
20:36:40.569 [main] INFO  testCases.TC002_AccountLogin - entered password
20:36:40.670 [main] INFO  testCases.TC002_AccountLogin - clicked on submit btn
20:37:10.697 [main] INFO  testCases.TC002_AccountLogin - Verifying My Account page...
20:37:55.473 [main] DEBUG org.testng.TestNG - suiteXmlPath: "C:\Users\Nikhi\eclipse-workspace\opencartv121\grouping.xml"
20:37:55.831 [main] INFO  org.testng.internal.Utils - [TestNG] Running:
  C:\Users\Nikhi\eclipse-workspace\opencartv121\grouping.xml

20:38:03.683 [main] INFO  testCases.TC001_AccountRegistration - Test case TC001_AccountRegistration started
20:38:03.843 [main] INFO  testCases.TC001_AccountRegistration - Clicked my account link
20:38:05.586 [main] INFO  testCases.TC001_AccountRegistration - clicked Registrtation link
20:38:05.589 [main] INFO  testCases.TC001_AccountRegistration - Providing customer details
20:38:07.743 [main] INFO  testCases.TC001_AccountRegistration - Validating expected msg
20:38:07.743 [main] ERROR testCases.TC001_AccountRegistration - Test failed
20:38:07.744 [main] DEBUG testCases.TC001_AccountRegistration - Debug logs
20:40:11.793 [main] DEBUG org.testng.TestNG - suiteXmlPath: "C:\Users\Nikhi\eclipse-workspace\opencartv121\grouping.xml"
20:40:12.128 [main] INFO  org.testng.internal.Utils - [TestNG] Running:
  C:\Users\Nikhi\eclipse-workspace\opencartv121\grouping.xml

20:40:24.671 [main] INFO  testCases.TC001_AccountRegistration - Test case TC001_AccountRegistration started
20:40:24.891 [main] INFO  testCases.TC001_AccountRegistration - Clicked my account link
20:40:27.213 [main] INFO  testCases.TC001_AccountRegistration - clicked Registrtation link
20:40:27.218 [main] INFO  testCases.TC001_AccountRegistration - Providing customer details
20:40:29.302 [main] INFO  testCases.TC001_AccountRegistration - Validating expected msg
20:40:29.303 [main] ERROR testCases.TC001_AccountRegistration - Test failed
20:40:29.303 [main] DEBUG testCases.TC001_AccountRegistration - Debug logs
20:40:32.504 [main] INFO  testCases.TC002_AccountLogin - ...TC002_AccountLogin started ...
20:40:32.620 [main] INFO  testCases.TC002_AccountLogin - Clicked Account
20:40:32.906 [main] INFO  testCases.TC002_AccountLogin - clicked Login
20:40:33.022 [main] INFO  testCases.TC002_AccountLogin - entered email
20:40:33.110 [main] INFO  testCases.TC002_AccountLogin - entered password
20:40:34.073 [main] INFO  testCases.TC002_AccountLogin - clicked on submit btn
20:41:04.148 [main] INFO  testCases.TC002_AccountLogin - Page exists
20:41:04.148 [main] INFO  testCases.TC002_AccountLogin - Finished TC002_AccountLogin 
20:47:17.046 [main] DEBUG org.testng.TestNG - suiteXmlPath: "C:\Users\Nikhi\eclipse-workspace\opencartv121\grouping.xml"
20:47:17.419 [main] INFO  org.testng.internal.Utils - [TestNG] Running:
  C:\Users\Nikhi\eclipse-workspace\opencartv121\grouping.xml

20:47:20.810 [main] INFO  testCases.TC001_AccountRegistration - Test case TC001_AccountRegistration started
20:47:21.003 [main] INFO  testCases.TC001_AccountRegistration - Clicked my account link
20:47:21.587 [main] INFO  testCases.TC001_AccountRegistration - clicked Registrtation link
20:47:21.590 [main] INFO  testCases.TC001_AccountRegistration - Providing customer details
20:47:23.344 [main] INFO  testCases.TC001_AccountRegistration - Validating expected msg
20:47:23.344 [main] INFO  testCases.TC001_AccountRegistration - Your Account Has Been Created!
20:47:23.347 [main] INFO  testCases.TC001_AccountRegistration - Finished TC001_AccountRegistration test case
20:47:26.236 [main] INFO  testCases.TC002_AccountLogin - ...TC002_AccountLogin started ...
20:47:26.466 [main] INFO  testCases.TC002_AccountLogin - Clicked Account
20:47:26.819 [main] INFO  testCases.TC002_AccountLogin - clicked Login
20:47:26.930 [main] INFO  testCases.TC002_AccountLogin - entered email
20:47:27.000 [main] INFO  testCases.TC002_AccountLogin - entered password
20:47:27.085 [main] INFO  testCases.TC002_AccountLogin - clicked on submit btn
20:49:07.613 [main] INFO  testCases.TC002_AccountLogin - Page exists
20:49:07.614 [main] INFO  testCases.TC002_AccountLogin - Finished TC002_AccountLogin 
20:55:49.593 [main] DEBUG org.testng.TestNG - suiteXmlPath: "C:\Users\Nikhi\eclipse-workspace\opencartv121\grouping.xml"
20:55:49.942 [main] INFO  org.testng.internal.Utils - [TestNG] Running:
  C:\Users\Nikhi\eclipse-workspace\opencartv121\grouping.xml

20:55:53.102 [main] INFO  testCases.TC001_AccountRegistration - Test case TC001_AccountRegistration started
20:55:53.217 [main] INFO  testCases.TC001_AccountRegistration - Clicked my account link
20:55:53.640 [main] INFO  testCases.TC001_AccountRegistration - clicked Registrtation link
20:55:53.644 [main] INFO  testCases.TC001_AccountRegistration - Providing customer details
20:55:55.306 [main] INFO  testCases.TC001_AccountRegistration - Validating expected msg
20:55:55.306 [main] INFO  testCases.TC001_AccountRegistration - Your Account Has Been Created!
20:55:55.310 [main] INFO  testCases.TC001_AccountRegistration - Finished TC001_AccountRegistration test case
20:55:57.555 [main] INFO  testCases.TC002_AccountLogin - ...TC002_AccountLogin started ...
20:55:57.884 [main] INFO  testCases.TC002_AccountLogin - Clicked Account
20:55:58.187 [main] INFO  testCases.TC002_AccountLogin - clicked Login
20:55:58.330 [main] INFO  testCases.TC002_AccountLogin - entered email
20:55:58.396 [main] INFO  testCases.TC002_AccountLogin - entered password
20:55:58.504 [main] INFO  testCases.TC002_AccountLogin - clicked on submit btn
20:56:28.511 [main] INFO  testCases.TC002_AccountLogin - Page exists
20:57:51.689 [main] INFO  testCases.TC002_AccountLogin - Checked My Account page existence
20:58:14.397 [main] DEBUG org.testng.TestNG - suiteXmlPath: "C:\Users\Nikhi\eclipse-workspace\opencartv121\grouping.xml"
20:58:14.721 [main] INFO  org.testng.internal.Utils - [TestNG] Running:
  C:\Users\Nikhi\eclipse-workspace\opencartv121\grouping.xml

20:58:17.848 [main] INFO  testCases.TC001_AccountRegistration - Test case TC001_AccountRegistration started
20:58:18.142 [main] INFO  testCases.TC001_AccountRegistration - Clicked my account link
20:58:18.496 [main] INFO  testCases.TC001_AccountRegistration - clicked Registrtation link
20:58:18.499 [main] INFO  testCases.TC001_AccountRegistration - Providing customer details
20:58:20.357 [main] INFO  testCases.TC001_AccountRegistration - Validating expected msg
20:58:20.357 [main] INFO  testCases.TC001_AccountRegistration - Your Account Has Been Created!
20:58:20.360 [main] INFO  testCases.TC001_AccountRegistration - Finished TC001_AccountRegistration test case
20:58:22.592 [main] INFO  testCases.TC002_AccountLogin - ...TC002_AccountLogin started ...
20:58:22.693 [main] INFO  testCases.TC002_AccountLogin - Clicked Account
20:58:22.975 [main] INFO  testCases.TC002_AccountLogin - clicked Login
20:58:23.079 [main] INFO  testCases.TC002_AccountLogin - entered email
20:58:23.163 [main] INFO  testCases.TC002_AccountLogin - entered password
20:58:23.733 [main] INFO  testCases.TC002_AccountLogin - clicked on submit btn
20:58:53.748 [main] INFO  testCases.TC002_AccountLogin - Page exists
20:59:55.243 [main] INFO  testCases.TC002_AccountLogin - Checked My Account page existence
20:03:05.995 [main] DEBUG org.testng.TestNG - suiteXmlPath: "C:\Users\Nikhi\eclipse-workspace\opencartv121\testng.xml"
20:03:06.382 [main] INFO  org.testng.internal.Utils - [TestNG] Running:
  C:\Users\Nikhi\eclipse-workspace\opencartv121\testng.xml

20:03:12.690 [main] DEBUG org.apache.poi.openxml4j.opc.PackageRelationshipCollection - Parsing relationship: /xl/_rels/workbook.xml.rels
20:03:12.695 [main] DEBUG org.apache.poi.openxml4j.opc.PackageRelationshipCollection - Parsing relationship: /xl/worksheets/_rels/sheet1.xml.rels
20:03:12.696 [main] DEBUG org.apache.poi.openxml4j.opc.PackageRelationshipCollection - Parsing relationship: /_rels/.rels
20:03:13.960 [main] DEBUG org.apache.poi.ooxml.POIXMLFactory - using default POIXMLDocumentPart for http://schemas.openxmlformats.org/officeDocument/2006/relationships/printerSettings
20:03:15.131 [main] INFO  testCases.TC003_DDTTesting - TC003_DDTTesting started
20:03:15.383 [main] INFO  testCases.TC003_DDTTesting - Clicked Account
20:03:15.798 [main] INFO  testCases.TC003_DDTTesting - clicked Login
20:03:16.104 [main] INFO  testCases.TC003_DDTTesting - entered email
20:03:16.331 [main] INFO  testCases.TC003_DDTTesting - entered password
20:03:16.604 [main] INFO  testCases.TC003_DDTTesting - clicked on submit btn
20:03:17.406 [main] INFO  testCases.TC003_DDTTesting - ✅ Login successful for valid credentials: nikhil33153@gmail.com
20:03:17.868 [main] INFO  testCases.TC003_DDTTesting - **** Finished TC_003_LoginDDT *****
20:03:17.892 [main] INFO  testCases.TC003_DDTTesting - TC003_DDTTesting started
20:03:17.981 [main] INFO  testCases.TC003_DDTTesting - Clicked Account
20:03:18.418 [main] INFO  testCases.TC003_DDTTesting - clicked Login
20:03:18.563 [main] INFO  testCases.TC003_DDTTesting - entered email
20:03:18.690 [main] INFO  testCases.TC003_DDTTesting - entered password
20:03:18.816 [main] INFO  testCases.TC003_DDTTesting - clicked on submit btn
20:03:29.452 [main] INFO  testCases.TC003_DDTTesting - ❌ Login failed as expected for invalid user: sanne70@tghrial.com
20:03:29.452 [main] INFO  testCases.TC003_DDTTesting - **** Finished TC_003_LoginDDT *****
20:03:29.475 [main] INFO  testCases.TC003_DDTTesting - TC003_DDTTesting started
20:03:29.675 [main] INFO  testCases.TC003_DDTTesting - Clicked Account
20:03:29.991 [main] INFO  testCases.TC003_DDTTesting - clicked Login
20:03:30.139 [main] INFO  testCases.TC003_DDTTesting - entered email
20:03:30.364 [main] INFO  testCases.TC003_DDTTesting - entered password
20:03:30.453 [main] INFO  testCases.TC003_DDTTesting - clicked on submit btn
20:03:41.048 [main] WARN  testCases.TC003_DDTTesting - ⚠️ Expected valid login but failed for: ''
20:03:41.048 [main] INFO  testCases.TC003_DDTTesting - **** Finished TC_003_LoginDDT *****
20:03:41.063 [main] INFO  testCases.TC003_DDTTesting - TC003_DDTTesting started
20:03:41.228 [main] INFO  testCases.TC003_DDTTesting - Clicked Account
20:03:41.509 [main] INFO  testCases.TC003_DDTTesting - clicked Login
20:03:41.659 [main] INFO  testCases.TC003_DDTTesting - entered email
20:03:41.754 [main] INFO  testCases.TC003_DDTTesting - entered password
20:03:42.626 [main] INFO  testCases.TC003_DDTTesting - clicked on submit btn
20:03:42.691 [main] WARN  testCases.TC003_DDTTesting - ⚠️ Unexpected login success for invalid credentials: abc123@gmail.com
20:03:43.144 [main] INFO  testCases.TC003_DDTTesting - **** Finished TC_003_LoginDDT *****
20:05:49.115 [main] DEBUG org.testng.TestNG - suiteXmlPath: "C:\Users\Nikhi\eclipse-workspace\opencartv121\testng.xml"
20:05:49.448 [main] INFO  org.testng.internal.Utils - [TestNG] Running:
  C:\Users\Nikhi\eclipse-workspace\opencartv121\testng.xml

20:05:54.861 [main] DEBUG org.apache.poi.openxml4j.opc.PackageRelationshipCollection - Parsing relationship: /xl/_rels/workbook.xml.rels
20:05:54.871 [main] DEBUG org.apache.poi.openxml4j.opc.PackageRelationshipCollection - Parsing relationship: /xl/worksheets/_rels/sheet1.xml.rels
20:05:54.875 [main] DEBUG org.apache.poi.openxml4j.opc.PackageRelationshipCollection - Parsing relationship: /_rels/.rels
20:05:58.029 [main] DEBUG org.apache.poi.ooxml.POIXMLFactory - using default POIXMLDocumentPart for http://schemas.openxmlformats.org/officeDocument/2006/relationships/printerSettings
20:05:58.232 [main] INFO  testCases.TC003_DDTTesting - TC003_DDTTesting started
20:05:58.397 [main] INFO  testCases.TC003_DDTTesting - Clicked Account
20:05:58.773 [main] INFO  testCases.TC003_DDTTesting - clicked Login
20:05:58.999 [main] INFO  testCases.TC003_DDTTesting - entered email
20:05:59.155 [main] INFO  testCases.TC003_DDTTesting - entered password
20:05:59.425 [main] INFO  testCases.TC003_DDTTesting - clicked on submit btn
20:06:00.406 [main] INFO  testCases.TC003_DDTTesting - ✅ Login successful for valid credentials: nikhil33153@gmail.com
20:06:01.010 [main] INFO  testCases.TC003_DDTTesting - **** Finished TC_003_LoginDDT *****
20:06:01.195 [main] INFO  testCases.TC003_DDTTesting - TC003_DDTTesting started
20:06:01.475 [main] INFO  testCases.TC003_DDTTesting - Clicked Account
20:06:01.903 [main] INFO  testCases.TC003_DDTTesting - clicked Login
20:06:02.089 [main] INFO  testCases.TC003_DDTTesting - entered email
20:06:02.234 [main] INFO  testCases.TC003_DDTTesting - entered password
20:06:02.367 [main] INFO  testCases.TC003_DDTTesting - clicked on submit btn
20:06:12.459 [main] INFO  testCases.TC003_DDTTesting - ❌ Login failed as expected for invalid user: sanne70@tghrial.com
20:06:12.459 [main] INFO  testCases.TC003_DDTTesting - **** Finished TC_003_LoginDDT *****
20:06:12.482 [main] INFO  testCases.TC003_DDTTesting - TC003_DDTTesting started
20:06:12.630 [main] INFO  testCases.TC003_DDTTesting - Clicked Account
20:06:12.955 [main] INFO  testCases.TC003_DDTTesting - clicked Login
20:06:13.089 [main] INFO  testCases.TC003_DDTTesting - entered email
20:06:13.169 [main] INFO  testCases.TC003_DDTTesting - entered password
20:06:13.255 [main] INFO  testCases.TC003_DDTTesting - clicked on submit btn
20:06:23.962 [main] WARN  testCases.TC003_DDTTesting - ⚠️ Expected valid login but failed for: ''
20:06:23.962 [main] INFO  testCases.TC003_DDTTesting - **** Finished TC_003_LoginDDT *****
20:06:23.973 [main] INFO  testCases.TC003_DDTTesting - TC003_DDTTesting started
20:06:24.122 [main] INFO  testCases.TC003_DDTTesting - Clicked Account
20:06:24.455 [main] INFO  testCases.TC003_DDTTesting - clicked Login
20:06:24.615 [main] INFO  testCases.TC003_DDTTesting - entered email
20:06:24.701 [main] INFO  testCases.TC003_DDTTesting - entered password
20:06:24.785 [main] INFO  testCases.TC003_DDTTesting - clicked on submit btn
20:06:25.669 [main] WARN  testCases.TC003_DDTTesting - ⚠️ Unexpected login success for invalid credentials: abc123@gmail.com
20:06:26.092 [main] INFO  testCases.TC003_DDTTesting - **** Finished TC_003_LoginDDT *****
20:31:26.120 [main] DEBUG org.testng.TestNG - suiteXmlPath: "C:\Users\Nikhi\eclipse-workspace\opencartv121\testng.xml"
20:31:26.488 [main] INFO  org.testng.internal.Utils - [TestNG] Running:
  C:\Users\Nikhi\eclipse-workspace\opencartv121\testng.xml

20:31:31.496 [main] DEBUG org.apache.poi.openxml4j.opc.PackageRelationshipCollection - Parsing relationship: /xl/_rels/workbook.xml.rels
20:31:31.504 [main] DEBUG org.apache.poi.openxml4j.opc.PackageRelationshipCollection - Parsing relationship: /xl/worksheets/_rels/sheet1.xml.rels
20:31:31.508 [main] DEBUG org.apache.poi.openxml4j.opc.PackageRelationshipCollection - Parsing relationship: /_rels/.rels
20:31:33.262 [main] DEBUG org.apache.poi.ooxml.POIXMLFactory - using default POIXMLDocumentPart for http://schemas.openxmlformats.org/officeDocument/2006/relationships/printerSettings
20:31:33.678 [main] INFO  testCases.TC003_DDTTesting - TC003_DDTTesting started
20:31:33.948 [main] INFO  testCases.TC003_DDTTesting - Clicked Account
20:31:34.367 [main] INFO  testCases.TC003_DDTTesting - clicked Login
20:31:34.551 [main] INFO  testCases.TC003_DDTTesting - entered email
20:31:34.669 [main] INFO  testCases.TC003_DDTTesting - entered password
20:31:35.581 [main] INFO  testCases.TC003_DDTTesting - clicked on submit btn
20:31:35.639 [main] INFO  testCases.TC003_DDTTesting - ✅ Login successful for valid credentials: nikhil33153@gmail.com
20:31:36.169 [main] INFO  testCases.TC003_DDTTesting - **** Finished TC_003_LoginDDT *****
20:31:36.194 [main] INFO  testCases.TC003_DDTTesting - TC003_DDTTesting started
20:31:36.339 [main] INFO  testCases.TC003_DDTTesting - Clicked Account
20:31:36.712 [main] INFO  testCases.TC003_DDTTesting - clicked Login
20:31:36.845 [main] INFO  testCases.TC003_DDTTesting - entered email
20:31:36.964 [main] INFO  testCases.TC003_DDTTesting - entered password
20:31:37.130 [main] INFO  testCases.TC003_DDTTesting - clicked on submit btn
20:31:47.874 [main] INFO  testCases.TC003_DDTTesting - ❌ Login failed as expected for invalid user: sanne70@tghrial.com
20:31:47.874 [main] INFO  testCases.TC003_DDTTesting - **** Finished TC_003_LoginDDT *****
20:31:47.893 [main] INFO  testCases.TC003_DDTTesting - TC003_DDTTesting started
20:31:48.096 [main] INFO  testCases.TC003_DDTTesting - Clicked Account
20:31:48.518 [main] INFO  testCases.TC003_DDTTesting - clicked Login
20:31:48.655 [main] INFO  testCases.TC003_DDTTesting - entered email
20:31:48.747 [main] INFO  testCases.TC003_DDTTesting - entered password
20:31:48.893 [main] INFO  testCases.TC003_DDTTesting - clicked on submit btn
20:32:00.012 [main] WARN  testCases.TC003_DDTTesting - ⚠️ Expected valid login but failed for: ''
20:32:00.012 [main] INFO  testCases.TC003_DDTTesting - **** Finished TC_003_LoginDDT *****
20:32:00.045 [main] INFO  testCases.TC003_DDTTesting - TC003_DDTTesting started
20:32:00.180 [main] INFO  testCases.TC003_DDTTesting - Clicked Account
20:32:00.516 [main] INFO  testCases.TC003_DDTTesting - clicked Login
20:32:00.676 [main] INFO  testCases.TC003_DDTTesting - entered email
20:32:00.804 [main] INFO  testCases.TC003_DDTTesting - entered password
20:32:00.944 [main] INFO  testCases.TC003_DDTTesting - clicked on submit btn
20:32:01.806 [main] WARN  testCases.TC003_DDTTesting - ⚠️ Unexpected login success for invalid credentials: abc123@gmail.com
20:32:02.247 [main] INFO  testCases.TC003_DDTTesting - **** Finished TC_003_LoginDDT *****
11:37:32.605 [main] DEBUG org.testng.TestNG - suiteXmlPath: "C:\Users\Nikhi\eclipse-workspace\opencartv121\crossbrowsertesting.xml"
11:37:32.994 [main] INFO  org.testng.internal.Utils - [TestNG] Running:
  C:\Users\Nikhi\eclipse-workspace\opencartv121\crossbrowsertesting.xml

11:37:38.783 [TestNG-tests-2] INFO  testCases.TC001_AccountRegistration - Test case TC001_AccountRegistration started
11:37:39.275 [TestNG-tests-2] INFO  testCases.TC001_AccountRegistration - Clicked my account link
11:37:40.167 [TestNG-tests-2] INFO  testCases.TC001_AccountRegistration - clicked Registrtation link
11:37:40.191 [TestNG-tests-2] INFO  testCases.TC001_AccountRegistration - Providing customer details
11:37:41.265 [TestNG-tests-1] INFO  testCases.TC001_AccountRegistration - Test case TC001_AccountRegistration started
11:37:42.215 [TestNG-tests-1] INFO  testCases.TC001_AccountRegistration - Clicked my account link
11:37:42.876 [TestNG-tests-1] INFO  testCases.TC001_AccountRegistration - clicked Registrtation link
11:37:42.886 [TestNG-tests-1] INFO  testCases.TC001_AccountRegistration - Providing customer details
11:37:44.426 [TestNG-tests-2] INFO  testCases.TC001_AccountRegistration - Validating expected msg
11:37:44.426 [TestNG-tests-2] INFO  testCases.TC001_AccountRegistration - Your Account Has Been Created!
11:37:44.437 [TestNG-tests-2] INFO  testCases.TC001_AccountRegistration - Finished TC001_AccountRegistration test case
11:39:01.142 [TestNG-tests-3] INFO  testCases.TC001_AccountRegistration - Test case TC001_AccountRegistration started
11:39:01.306 [TestNG-tests-3] INFO  testCases.TC001_AccountRegistration - Clicked my account link
11:39:01.703 [TestNG-tests-3] INFO  testCases.TC001_AccountRegistration - clicked Registrtation link
11:39:01.703 [TestNG-tests-3] INFO  testCases.TC001_AccountRegistration - Providing customer details
11:39:04.305 [TestNG-tests-3] INFO  testCases.TC001_AccountRegistration - Validating expected msg
11:39:04.305 [TestNG-tests-3] INFO  testCases.TC001_AccountRegistration - Your Account Has Been Created!
11:39:04.305 [TestNG-tests-3] INFO  testCases.TC001_AccountRegistration - Finished TC001_AccountRegistration test case
11:39:22.759 [main] DEBUG org.testng.TestNG - suiteXmlPath: "C:\Users\Nikhi\eclipse-workspace\opencartv121\crossbrowsertesting.xml"
11:39:23.094 [main] INFO  org.testng.internal.Utils - [TestNG] Running:
  C:\Users\Nikhi\eclipse-workspace\opencartv121\crossbrowsertesting.xml

11:39:27.324 [TestNG-tests-1] INFO  testCases.TC001_AccountRegistration - Test case TC001_AccountRegistration started
11:39:27.324 [TestNG-tests-2] INFO  testCases.TC001_AccountRegistration - Test case TC001_AccountRegistration started
11:39:28.028 [TestNG-tests-1] INFO  testCases.TC001_AccountRegistration - Clicked my account link
11:39:28.153 [TestNG-tests-2] INFO  testCases.TC001_AccountRegistration - Clicked my account link
11:39:31.345 [TestNG-tests-3] INFO  testCases.TC001_AccountRegistration - Test case TC001_AccountRegistration started
11:39:31.508 [TestNG-tests-3] INFO  testCases.TC001_AccountRegistration - Clicked my account link
11:39:32.017 [TestNG-tests-3] INFO  testCases.TC001_AccountRegistration - clicked Registrtation link
11:39:32.017 [TestNG-tests-3] INFO  testCases.TC001_AccountRegistration - Providing customer details
11:39:33.673 [TestNG-tests-3] INFO  testCases.TC001_AccountRegistration - Validating expected msg
11:39:33.673 [TestNG-tests-3] INFO  testCases.TC001_AccountRegistration - Your Account Has Been Created!
11:39:33.707 [TestNG-tests-3] INFO  testCases.TC001_AccountRegistration - Finished TC001_AccountRegistration test case
11:40:09.613 [main] DEBUG org.testng.TestNG - suiteXmlPath: "C:\Users\Nikhi\eclipse-workspace\opencartv121\grouping.xml"
11:40:09.943 [main] INFO  org.testng.internal.Utils - [TestNG] Running:
  C:\Users\Nikhi\eclipse-workspace\opencartv121\grouping.xml

11:40:14.074 [main] INFO  testCases.TC001_AccountRegistration - Test case TC001_AccountRegistration started
11:40:14.582 [main] INFO  testCases.TC001_AccountRegistration - Clicked my account link
11:40:15.134 [main] INFO  testCases.TC001_AccountRegistration - clicked Registrtation link
11:40:15.142 [main] INFO  testCases.TC001_AccountRegistration - Providing customer details
11:40:17.483 [main] INFO  testCases.TC001_AccountRegistration - Validating expected msg
11:40:17.483 [main] INFO  testCases.TC001_AccountRegistration - Your Account Has Been Created!
11:40:17.483 [main] INFO  testCases.TC001_AccountRegistration - Finished TC001_AccountRegistration test case
11:40:19.990 [main] INFO  testCases.TC002_AccountLogin - ...TC002_AccountLogin started ...
11:40:20.529 [main] INFO  testCases.TC002_AccountLogin - Clicked Account
11:40:20.956 [main] INFO  testCases.TC002_AccountLogin - clicked Login
11:40:21.211 [main] INFO  testCases.TC002_AccountLogin - entered email
11:40:21.381 [main] INFO  testCases.TC002_AccountLogin - entered password
11:40:22.167 [main] INFO  testCases.TC002_AccountLogin - clicked on submit btn
11:41:02.216 [main] INFO  testCases.TC002_AccountLogin - Page exists
11:42:56.773 [main] DEBUG org.testng.TestNG - suiteXmlPath: "C:\Users\Nikhi\eclipse-workspace\opencartv121\grouping.xml"
11:42:57.164 [main] INFO  org.testng.internal.Utils - [TestNG] Running:
  C:\Users\Nikhi\eclipse-workspace\opencartv121\grouping.xml

11:43:00.424 [main] INFO  testCases.TC001_AccountRegistration - Test case TC001_AccountRegistration started
11:43:01.043 [main] INFO  testCases.TC001_AccountRegistration - Clicked my account link
11:43:01.576 [main] INFO  testCases.TC001_AccountRegistration - clicked Registrtation link
11:43:01.592 [main] INFO  testCases.TC001_AccountRegistration - Providing customer details
11:43:04.147 [main] INFO  testCases.TC001_AccountRegistration - Validating expected msg
11:43:04.147 [main] INFO  testCases.TC001_AccountRegistration - Your Account Has Been Created!
11:43:04.156 [main] INFO  testCases.TC001_AccountRegistration - Finished TC001_AccountRegistration test case
11:43:07.077 [main] INFO  testCases.TC002_AccountLogin - ...TC002_AccountLogin started ...
11:43:07.841 [main] INFO  testCases.TC002_AccountLogin - Clicked Account
11:43:08.343 [main] INFO  testCases.TC002_AccountLogin - clicked Login
11:43:08.505 [main] INFO  testCases.TC002_AccountLogin - entered email
11:43:08.645 [main] INFO  testCases.TC002_AccountLogin - entered password
11:43:08.805 [main] INFO  testCases.TC002_AccountLogin - clicked on submit btn
