11:43:38.878 [main] INFO  testCases.TC002_AccountLogin - Page exists
11:43:38.890 [main] INFO  testCases.TC002_AccountLogin - Finished TC002_AccountLogin 
11:44:45.260 [main] DEBUG org.testng.TestNG - suiteXmlPath: "C:\Users\Nikhi\eclipse-workspace\opencartv121\grouping.xml"
11:45:27.953 [main] DEBUG org.testng.TestNG - suiteXmlPath: "C:\Users\Nikhi\eclipse-workspace\opencartv121\grouping.xml"
11:45:28.343 [main] INFO  org.testng.internal.Utils - [TestNG] Running:
  C:\Users\Nikhi\eclipse-workspace\opencartv121\grouping.xml

11:45:31.246 [main] INFO  testCases.TC001_AccountRegistration - Test case TC001_AccountRegistration started
11:45:32.032 [main] INFO  testCases.TC001_AccountRegistration - Clicked my account link
11:45:32.711 [main] INFO  testCases.TC001_AccountRegistration - clicked Registrtation link
11:45:32.720 [main] INFO  testCases.TC001_AccountRegistration - Providing customer details
11:45:34.806 [main] INFO  testCases.TC001_AccountRegistration - Validating expected msg
11:45:34.806 [main] INFO  testCases.TC001_AccountRegistration - Your Account Has Been Created!
11:45:34.806 [main] INFO  testCases.TC001_AccountRegistration - Finished TC001_AccountRegistration test case
11:45:37.161 [main] INFO  testCases.TC002_AccountLogin - ...TC002_AccountLogin started ...
11:45:37.501 [main] INFO  testCases.TC002_AccountLogin - Clicked Account
11:45:38.169 [main] INFO  testCases.TC002_AccountLogin - clicked Login
11:45:38.422 [main] INFO  testCases.TC002_AccountLogin - entered email
11:45:38.703 [main] INFO  testCases.TC002_AccountLogin - entered password
11:45:39.613 [main] INFO  testCases.TC002_AccountLogin - clicked on submit btn
11:45:39.669 [main] INFO  testCases.TC002_AccountLogin - Page exists
11:45:39.669 [main] INFO  testCases.TC002_AccountLogin - Finished TC002_AccountLogin 
11:46:32.900 [main] DEBUG org.testng.TestNG - suiteXmlPath: "C:\Users\Nikhi\eclipse-workspace\opencartv121\grouping.xml"
11:46:33.239 [main] INFO  org.testng.internal.Utils - [TestNG] Running:
  C:\Users\Nikhi\eclipse-workspace\opencartv121\grouping.xml

11:46:36.464 [main] INFO  testCases.TC001_AccountRegistration - Test case TC001_AccountRegistration started
11:46:37.000 [main] INFO  testCases.TC001_AccountRegistration - Clicked my account link
11:46:37.803 [main] INFO  testCases.TC001_AccountRegistration - clicked Registrtation link
11:46:37.810 [main] INFO  testCases.TC001_AccountRegistration - Providing customer details
11:46:39.985 [main] INFO  testCases.TC001_AccountRegistration - Validating expected msg
11:46:39.985 [main] INFO  testCases.TC001_AccountRegistration - Your Account Has Been Created!
11:46:39.991 [main] INFO  testCases.TC001_AccountRegistration - Finished TC001_AccountRegistration test case
11:46:42.452 [main] INFO  testCases.TC002_AccountLogin - ...TC002_AccountLogin started ...
11:46:43.131 [main] INFO  testCases.TC002_AccountLogin - Clicked Account
11:46:43.518 [main] INFO  testCases.TC002_AccountLogin - clicked Login
11:46:43.674 [main] INFO  testCases.TC002_AccountLogin - entered email
11:46:43.774 [main] INFO  testCases.TC002_AccountLogin - entered password
11:46:44.648 [main] INFO  testCases.TC002_AccountLogin - clicked on submit btn
11:46:44.700 [main] INFO  testCases.TC002_AccountLogin - Page exists
11:46:44.700 [main] INFO  testCases.TC002_AccountLogin - Finished TC002_AccountLogin 
11:46:47.639 [main] DEBUG org.apache.poi.openxml4j.opc.PackageRelationshipCollection - Parsing relationship: /xl/_rels/workbook.xml.rels
11:46:47.640 [main] DEBUG org.apache.poi.openxml4j.opc.PackageRelationshipCollection - Parsing relationship: /xl/worksheets/_rels/sheet1.xml.rels
11:46:47.640 [main] DEBUG org.apache.poi.openxml4j.opc.PackageRelationshipCollection - Parsing relationship: /_rels/.rels
11:46:48.596 [main] DEBUG org.apache.poi.ooxml.POIXMLFactory - using default POIXMLDocumentPart for http://schemas.openxmlformats.org/officeDocument/2006/relationships/printerSettings
11:46:48.997 [main] INFO  testCases.TC003_DDTTesting - TC003_DDTTesting started
11:46:49.338 [main] INFO  testCases.TC003_DDTTesting - Clicked Account
11:46:49.997 [main] INFO  testCases.TC003_DDTTesting - clicked Login
11:46:50.340 [main] INFO  testCases.TC003_DDTTesting - entered email
11:46:50.486 [main] INFO  testCases.TC003_DDTTesting - entered password
11:46:51.566 [main] INFO  testCases.TC003_DDTTesting - clicked on submit btn
11:46:51.613 [main] INFO  testCases.TC003_DDTTesting - ✅ Login successful for valid credentials: nikhil33153@gmail.com
11:46:52.064 [main] INFO  testCases.TC003_DDTTesting - **** Finished TC_003_LoginDDT *****
11:46:52.070 [main] INFO  testCases.TC003_DDTTesting - TC003_DDTTesting started
11:46:52.178 [main] INFO  testCases.TC003_DDTTesting - Clicked Account
11:46:52.492 [main] INFO  testCases.TC003_DDTTesting - clicked Login
11:46:52.779 [main] INFO  testCases.TC003_DDTTesting - entered email
11:46:52.916 [main] INFO  testCases.TC003_DDTTesting - entered password
11:46:53.041 [main] INFO  testCases.TC003_DDTTesting - clicked on submit btn
11:47:03.689 [main] INFO  testCases.TC003_DDTTesting - ❌ Login failed as expected for invalid user: sanne70@tghrial.com
11:47:03.689 [main] INFO  testCases.TC003_DDTTesting - **** Finished TC_003_LoginDDT *****
11:47:03.707 [main] INFO  testCases.TC003_DDTTesting - TC003_DDTTesting started
11:47:03.869 [main] INFO  testCases.TC003_DDTTesting - Clicked Account
11:47:04.183 [main] INFO  testCases.TC003_DDTTesting - clicked Login
11:47:04.290 [main] INFO  testCases.TC003_DDTTesting - entered email
11:47:04.375 [main] INFO  testCases.TC003_DDTTesting - entered password
11:47:04.459 [main] INFO  testCases.TC003_DDTTesting - clicked on submit btn
11:47:15.198 [main] WARN  testCases.TC003_DDTTesting - ⚠️ Expected valid login but failed for: ''
11:47:15.198 [main] INFO  testCases.TC003_DDTTesting - **** Finished TC_003_LoginDDT *****
11:47:15.215 [main] INFO  testCases.TC003_DDTTesting - TC003_DDTTesting started
11:47:15.383 [main] INFO  testCases.TC003_DDTTesting - Clicked Account
11:47:15.708 [main] INFO  testCases.TC003_DDTTesting - clicked Login
11:47:15.881 [main] INFO  testCases.TC003_DDTTesting - entered email
11:47:15.967 [main] INFO  testCases.TC003_DDTTesting - entered password
11:47:17.022 [main] INFO  testCases.TC003_DDTTesting - clicked on submit btn
11:47:17.070 [main] WARN  testCases.TC003_DDTTesting - ⚠️ Unexpected login success for invalid credentials: abc123@gmail.com
11:47:17.505 [main] INFO  testCases.TC003_DDTTesting - **** Finished TC_003_LoginDDT *****
11:48:00.204 [main] DEBUG org.testng.TestNG - suiteXmlPath: "C:\Users\Nikhi\eclipse-workspace\opencartv121\crossbrowsertesting.xml"
11:48:00.566 [main] INFO  org.testng.internal.Utils - [TestNG] Running:
  C:\Users\Nikhi\eclipse-workspace\opencartv121\crossbrowsertesting.xml

11:48:03.904 [TestNG-tests-2] INFO  testCases.TC001_AccountRegistration - Test case TC001_AccountRegistration started
11:48:04.398 [TestNG-tests-2] INFO  testCases.TC001_AccountRegistration - Clicked my account link
11:48:05.098 [TestNG-tests-2] INFO  testCases.TC001_AccountRegistration - clicked Registrtation link
11:48:05.105 [TestNG-tests-2] INFO  testCases.TC001_AccountRegistration - Providing customer details
11:48:08.560 [TestNG-tests-3] INFO  testCases.TC001_AccountRegistration - Test case TC001_AccountRegistration started
11:48:08.718 [TestNG-tests-3] INFO  testCases.TC001_AccountRegistration - Clicked my account link
11:48:09.157 [TestNG-tests-3] INFO  testCases.TC001_AccountRegistration - clicked Registrtation link
11:48:09.159 [TestNG-tests-3] INFO  testCases.TC001_AccountRegistration - Providing customer details
11:48:10.623 [TestNG-tests-3] INFO  testCases.TC001_AccountRegistration - Validating expected msg
11:48:10.623 [TestNG-tests-3] INFO  testCases.TC001_AccountRegistration - Your Account Has Been Created!
11:48:10.629 [TestNG-tests-3] INFO  testCases.TC001_AccountRegistration - Finished TC001_AccountRegistration test case
11:51:07.521 [main] DEBUG org.testng.TestNG - suiteXmlPath: "C:\Users\Nikhi\eclipse-workspace\opencartv121\crossbrowsertesting.xml"
11:51:07.884 [main] INFO  org.testng.internal.Utils - [TestNG] Running:
  C:\Users\Nikhi\eclipse-workspace\opencartv121\crossbrowsertesting.xml

11:51:10.755 [main] INFO  testCases.TC001_AccountRegistration - Test case TC001_AccountRegistration started
11:51:11.461 [main] INFO  testCases.TC001_AccountRegistration - Clicked my account link
11:51:11.981 [main] INFO  testCases.TC001_AccountRegistration - clicked Registrtation link
11:51:11.988 [main] INFO  testCases.TC001_AccountRegistration - Providing customer details
11:51:14.281 [main] INFO  testCases.TC001_AccountRegistration - Validating expected msg
11:51:14.281 [main] INFO  testCases.TC001_AccountRegistration - Your Account Has Been Created!
11:51:14.288 [main] INFO  testCases.TC001_AccountRegistration - Finished TC001_AccountRegistration test case
11:51:16.834 [main] INFO  testCases.TC001_AccountRegistration - Test case TC001_AccountRegistration started
11:51:17.053 [main] INFO  testCases.TC001_AccountRegistration - Clicked my account link
11:51:17.638 [main] INFO  testCases.TC001_AccountRegistration - clicked Registrtation link
11:51:17.638 [main] INFO  testCases.TC001_AccountRegistration - Providing customer details
11:51:20.371 [main] INFO  testCases.TC001_AccountRegistration - Validating expected msg
11:51:20.371 [main] INFO  testCases.TC001_AccountRegistration - Your Account Has Been Created!
11:51:20.371 [main] INFO  testCases.TC001_AccountRegistration - Finished TC001_AccountRegistration test case
11:51:26.109 [main] INFO  testCases.TC001_AccountRegistration - Test case TC001_AccountRegistration started
11:51:26.278 [main] INFO  testCases.TC001_AccountRegistration - Clicked my account link
11:51:26.625 [main] INFO  testCases.TC001_AccountRegistration - clicked Registrtation link
11:51:26.625 [main] INFO  testCases.TC001_AccountRegistration - Providing customer details
11:51:28.374 [main] INFO  testCases.TC001_AccountRegistration - Validating expected msg
11:51:28.374 [main] INFO  testCases.TC001_AccountRegistration - Your Account Has Been Created!
11:51:28.374 [main] INFO  testCases.TC001_AccountRegistration - Finished TC001_AccountRegistration test case
11:51:48.910 [main] DEBUG org.testng.TestNG - suiteXmlPath: "C:\Users\Nikhi\eclipse-workspace\opencartv121\crossbrowsertesting.xml"
11:51:49.013 [main] INFO  org.testng.internal.Utils - [XmlSuite] [WARN] 'parallel' value 'true' is no longer valid, defaulting to 'methods'.
11:51:49.310 [main] INFO  org.testng.internal.Utils - [TestNG] Running:
  C:\Users\Nikhi\eclipse-workspace\opencartv121\crossbrowsertesting.xml

11:51:52.208 [TestNG-test-chrometest-1] INFO  testCases.TC001_AccountRegistration - Test case TC001_AccountRegistration started
11:51:53.100 [TestNG-test-chrometest-1] INFO  testCases.TC001_AccountRegistration - Clicked my account link
11:51:53.881 [TestNG-test-chrometest-1] INFO  testCases.TC001_AccountRegistration - clicked Registrtation link
11:51:53.890 [TestNG-test-chrometest-1] INFO  testCases.TC001_AccountRegistration - Providing customer details
11:51:56.721 [TestNG-test-chrometest-1] INFO  testCases.TC001_AccountRegistration - Validating expected msg
11:51:56.721 [TestNG-test-chrometest-1] INFO  testCases.TC001_AccountRegistration - Your Account Has Been Created!
11:51:56.723 [TestNG-test-chrometest-1] INFO  testCases.TC001_AccountRegistration - Finished TC001_AccountRegistration test case
11:51:59.508 [TestNG-test-edgeTest-1] INFO  testCases.TC001_AccountRegistration - Test case TC001_AccountRegistration started
11:51:59.671 [TestNG-test-edgeTest-1] INFO  testCases.TC001_AccountRegistration - Clicked my account link
11:52:00.122 [TestNG-test-edgeTest-1] INFO  testCases.TC001_AccountRegistration - clicked Registrtation link
11:52:00.130 [TestNG-test-edgeTest-1] INFO  testCases.TC001_AccountRegistration - Providing customer details
11:52:03.288 [TestNG-test-edgeTest-1] INFO  testCases.TC001_AccountRegistration - Validating expected msg
11:52:03.288 [TestNG-test-edgeTest-1] INFO  testCases.TC001_AccountRegistration - Your Account Has Been Created!
11:52:03.288 [TestNG-test-edgeTest-1] INFO  testCases.TC001_AccountRegistration - Finished TC001_AccountRegistration test case
11:52:09.272 [TestNG-test-firefoxTest-1] INFO  testCases.TC001_AccountRegistration - Test case TC001_AccountRegistration started
11:52:09.423 [TestNG-test-firefoxTest-1] INFO  testCases.TC001_AccountRegistration - Clicked my account link
11:52:09.872 [TestNG-test-firefoxTest-1] INFO  testCases.TC001_AccountRegistration - clicked Registrtation link
11:52:09.874 [TestNG-test-firefoxTest-1] INFO  testCases.TC001_AccountRegistration - Providing customer details
11:52:11.208 [TestNG-test-firefoxTest-1] INFO  testCases.TC001_AccountRegistration - Validating expected msg
11:52:11.216 [TestNG-test-firefoxTest-1] INFO  testCases.TC001_AccountRegistration - Your Account Has Been Created!
11:52:11.216 [TestNG-test-firefoxTest-1] INFO  testCases.TC001_AccountRegistration - Finished TC001_AccountRegistration test case
11:52:32.312 [main] DEBUG org.testng.TestNG - suiteXmlPath: "C:\Users\Nikhi\eclipse-workspace\opencartv121\crossbrowsertesting.xml"
11:52:32.665 [main] INFO  org.testng.internal.Utils - [TestNG] Running:
  C:\Users\Nikhi\eclipse-workspace\opencartv121\crossbrowsertesting.xml

11:52:36.345 [TestNG-tests-1] INFO  testCases.TC001_AccountRegistration - Test case TC001_AccountRegistration started
11:52:36.345 [TestNG-tests-2] INFO  testCases.TC001_AccountRegistration - Test case TC001_AccountRegistration started
11:52:36.752 [TestNG-tests-2] INFO  testCases.TC001_AccountRegistration - Clicked my account link
11:52:36.884 [TestNG-tests-1] INFO  testCases.TC001_AccountRegistration - Clicked my account link
11:52:40.408 [TestNG-tests-3] INFO  testCases.TC001_AccountRegistration - Test case TC001_AccountRegistration started
11:52:40.554 [TestNG-tests-3] INFO  testCases.TC001_AccountRegistration - Clicked my account link
11:52:40.981 [TestNG-tests-3] INFO  testCases.TC001_AccountRegistration - clicked Registrtation link
11:52:40.981 [TestNG-tests-3] INFO  testCases.TC001_AccountRegistration - Providing customer details
11:52:42.538 [TestNG-tests-3] INFO  testCases.TC001_AccountRegistration - Validating expected msg
11:52:42.547 [TestNG-tests-3] INFO  testCases.TC001_AccountRegistration - Your Account Has Been Created!
11:52:42.578 [TestNG-tests-3] INFO  testCases.TC001_AccountRegistration - Finished TC001_AccountRegistration test case
11:52:49.958 [TestNG-tests-1] INFO  testCases.TC001_AccountRegistration - clicked Registrtation link
11:52:49.961 [TestNG-tests-1] INFO  testCases.TC001_AccountRegistration - Providing customer details
11:54:16.043 [main] DEBUG org.testng.TestNG - suiteXmlPath: "C:\Users\Nikhi\eclipse-workspace\opencartv121\crossbrowsertesting.xml"
11:54:16.371 [main] INFO  org.testng.internal.Utils - [TestNG] Running:
  C:\Users\Nikhi\eclipse-workspace\opencartv121\crossbrowsertesting.xml

11:54:20.253 [TestNG-tests-2] INFO  testCases.TC001_AccountRegistration - Test case TC001_AccountRegistration started
11:54:20.253 [TestNG-tests-1] INFO  testCases.TC001_AccountRegistration - Test case TC001_AccountRegistration started
11:54:21.069 [TestNG-tests-2] INFO  testCases.TC001_AccountRegistration - Clicked my account link
11:54:21.198 [TestNG-tests-1] INFO  testCases.TC001_AccountRegistration - Clicked my account link
11:56:39.644 [main] DEBUG org.testng.TestNG - suiteXmlPath: "C:\Users\Nikhi\eclipse-workspace\opencartv121\crossbrowsertesting.xml"
11:56:39.998 [main] INFO  org.testng.internal.Utils - [TestNG] Running:
  C:\Users\Nikhi\eclipse-workspace\opencartv121\crossbrowsertesting.xml

11:56:43.039 [TestNG-tests-2] INFO  testCases.TC001_AccountRegistration - Test case TC001_AccountRegistration started
11:56:43.364 [TestNG-tests-2] INFO  testCases.TC001_AccountRegistration - Clicked my account link
11:56:43.941 [TestNG-tests-1] INFO  testCases.TC001_AccountRegistration - Test case TC001_AccountRegistration started
11:56:44.162 [TestNG-tests-2] INFO  testCases.TC001_AccountRegistration - clicked Registrtation link
11:56:44.178 [TestNG-tests-2] INFO  testCases.TC001_AccountRegistration - Providing customer details
11:56:45.530 [TestNG-tests-1] INFO  testCases.TC001_AccountRegistration - Clicked my account link
11:56:47.068 [TestNG-tests-1] INFO  testCases.TC001_AccountRegistration - clicked Registrtation link
11:56:47.070 [TestNG-tests-1] INFO  testCases.TC001_AccountRegistration - Providing customer details
11:56:49.441 [TestNG-tests-2] INFO  testCases.TC001_AccountRegistration - Validating expected msg
11:56:49.441 [TestNG-tests-2] INFO  testCases.TC001_AccountRegistration - Your Account Has Been Created!
11:56:49.449 [TestNG-tests-2] INFO  testCases.TC001_AccountRegistration - Finished TC001_AccountRegistration test case
11:56:51.354 [TestNG-tests-1] INFO  testCases.TC001_AccountRegistration - Validating expected msg
11:56:51.354 [TestNG-tests-1] INFO  testCases.TC001_AccountRegistration - Your Account Has Been Created!
11:56:51.354 [TestNG-tests-1] INFO  testCases.TC001_AccountRegistration - Finished TC001_AccountRegistration test case
11:57:47.811 [main] DEBUG org.testng.TestNG - suiteXmlPath: "C:\Users\Nikhi\eclipse-workspace\opencartv121\crossbrowsertesting.xml"
11:57:48.134 [main] INFO  org.testng.internal.Utils - [TestNG] Running:
  C:\Users\Nikhi\eclipse-workspace\opencartv121\crossbrowsertesting.xml

11:57:51.100 [TestNG-tests-2] INFO  testCases.TC001_AccountRegistration - Test case TC001_AccountRegistration started
11:57:51.729 [TestNG-tests-2] INFO  testCases.TC001_AccountRegistration - Clicked my account link
11:57:52.004 [TestNG-tests-1] INFO  testCases.TC001_AccountRegistration - Test case TC001_AccountRegistration started
11:57:52.538 [TestNG-tests-2] INFO  testCases.TC001_AccountRegistration - clicked Registrtation link
11:57:52.541 [TestNG-tests-2] INFO  testCases.TC001_AccountRegistration - Providing customer details
11:57:53.022 [TestNG-tests-1] INFO  testCases.TC001_AccountRegistration - Clicked my account link
11:57:53.907 [TestNG-tests-1] INFO  testCases.TC001_AccountRegistration - clicked Registrtation link
11:57:53.911 [TestNG-tests-1] INFO  testCases.TC001_AccountRegistration - Providing customer details
11:57:55.583 [TestNG-tests-2] INFO  testCases.TC001_AccountRegistration - Validating expected msg
11:57:55.583 [TestNG-tests-2] INFO  testCases.TC001_AccountRegistration - Your Account Has Been Created!
11:57:55.592 [TestNG-tests-2] INFO  testCases.TC001_AccountRegistration - Finished TC001_AccountRegistration test case
11:57:56.730 [TestNG-tests-3] INFO  testCases.TC001_AccountRegistration - Test case TC001_AccountRegistration started
11:57:56.853 [TestNG-tests-3] INFO  testCases.TC001_AccountRegistration - Clicked my account link
11:57:57.290 [TestNG-tests-1] INFO  testCases.TC001_AccountRegistration - Validating expected msg
11:57:57.290 [TestNG-tests-1] INFO  testCases.TC001_AccountRegistration - Your Account Has Been Created!
11:57:57.290 [TestNG-tests-1] INFO  testCases.TC001_AccountRegistration - Finished TC001_AccountRegistration test case
11:57:57.349 [TestNG-tests-3] INFO  testCases.TC001_AccountRegistration - clicked Registrtation link
11:57:57.356 [TestNG-tests-3] INFO  testCases.TC001_AccountRegistration - Providing customer details
11:57:58.765 [TestNG-tests-3] INFO  testCases.TC001_AccountRegistration - Validating expected msg
11:57:58.765 [TestNG-tests-3] INFO  testCases.TC001_AccountRegistration - Your Account Has Been Created!
11:57:58.765 [TestNG-tests-3] INFO  testCases.TC001_AccountRegistration - Finished TC001_AccountRegistration test case
12:27:27.401 [main] DEBUG org.testng.TestNG - suiteXmlPath: "C:\Users\Nikhi\eclipse-workspace\opencartv121\testng.xml"
12:27:27.759 [main] INFO  org.testng.internal.Utils - [TestNG] Running:
  C:\Users\Nikhi\eclipse-workspace\opencartv121\testng.xml

12:27:31.676 [main] INFO  testCases.TC001_AccountRegistration - Test case TC001_AccountRegistration started
12:27:32.155 [main] INFO  testCases.TC001_AccountRegistration - Clicked my account link
12:27:32.855 [main] INFO  testCases.TC001_AccountRegistration - clicked Registrtation link
12:27:32.855 [main] INFO  testCases.TC001_AccountRegistration - Providing customer details
12:27:34.844 [main] INFO  testCases.TC001_AccountRegistration - Validating expected msg
12:27:34.844 [main] INFO  testCases.TC001_AccountRegistration - Your Account Has Been Created!
12:27:34.849 [main] INFO  testCases.TC001_AccountRegistration - Finished TC001_AccountRegistration test case
12:27:37.495 [main] INFO  testCases.TC002_AccountLogin - ...TC002_AccountLogin started ...
12:27:37.656 [main] INFO  testCases.TC002_AccountLogin - Clicked Account
12:27:38.052 [main] INFO  testCases.TC002_AccountLogin - clicked Login
12:27:38.501 [main] INFO  testCases.TC002_AccountLogin - entered email
12:27:38.617 [main] INFO  testCases.TC002_AccountLogin - entered password
12:27:38.766 [main] INFO  testCases.TC002_AccountLogin - clicked on submit btn
12:27:39.680 [main] INFO  testCases.TC002_AccountLogin - Page exists
12:27:39.681 [main] INFO  testCases.TC002_AccountLogin - Finished TC002_AccountLogin 
12:31:23.440 [main] DEBUG org.testng.TestNG - suiteXmlPath: "C:\Users\Nikhi\eclipse-workspace\opencartv121\testng.xml"
12:31:23.796 [main] INFO  org.testng.internal.Utils - [TestNG] Running:
  C:\Users\Nikhi\eclipse-workspace\opencartv121\testng.xml

12:31:32.720 [main] INFO  testCases.TC001_AccountRegistration - Test case TC001_AccountRegistration started
12:31:33.968 [main] INFO  testCases.TC001_AccountRegistration - Clicked my account link
12:31:35.280 [main] INFO  testCases.TC001_AccountRegistration - clicked Registrtation link
12:31:35.362 [main] INFO  testCases.TC001_AccountRegistration - Providing customer details
12:31:41.725 [main] INFO  testCases.TC001_AccountRegistration - Validating expected msg
12:31:41.725 [main] INFO  testCases.TC001_AccountRegistration - Your Account Has Been Created!
12:31:41.733 [main] INFO  testCases.TC001_AccountRegistration - Finished TC001_AccountRegistration test case
12:31:46.303 [main] INFO  testCases.TC002_AccountLogin - ...TC002_AccountLogin started ...
12:31:47.023 [main] INFO  testCases.TC002_AccountLogin - Clicked Account
12:31:47.696 [main] INFO  testCases.TC002_AccountLogin - clicked Login
12:31:48.261 [main] INFO  testCases.TC002_AccountLogin - entered email
12:31:48.542 [main] INFO  testCases.TC002_AccountLogin - entered password
12:31:49.607 [main] INFO  testCases.TC002_AccountLogin - clicked on submit btn
12:31:49.699 [main] INFO  testCases.TC002_AccountLogin - Page exists
12:31:49.700 [main] INFO  testCases.TC002_AccountLogin - Finished TC002_AccountLogin 
12:32:11.661 [main] DEBUG org.testng.TestNG - suiteXmlPath: "C:\Users\Nikhi\eclipse-workspace\opencartv121\testng.xml"
12:32:12.250 [main] INFO  org.testng.internal.Utils - [TestNG] Running:
  C:\Users\Nikhi\eclipse-workspace\opencartv121\testng.xml

12:32:18.236 [main] INFO  testCases.TC001_AccountRegistration - Test case TC001_AccountRegistration started
12:32:18.550 [main] INFO  testCases.TC001_AccountRegistration - Clicked my account link
12:32:19.500 [main] INFO  testCases.TC001_AccountRegistration - clicked Registrtation link
12:32:19.510 [main] INFO  testCases.TC001_AccountRegistration - Providing customer details
12:32:23.075 [main] INFO  testCases.TC001_AccountRegistration - Validating expected msg
12:32:23.075 [main] INFO  testCases.TC001_AccountRegistration - Your Account Has Been Created!
12:32:23.080 [main] INFO  testCases.TC001_AccountRegistration - Finished TC001_AccountRegistration test case
12:32:25.890 [main] INFO  testCases.TC002_AccountLogin - ...TC002_AccountLogin started ...
12:32:26.416 [main] INFO  testCases.TC002_AccountLogin - Clicked Account
12:32:27.031 [main] INFO  testCases.TC002_AccountLogin - clicked Login
12:32:27.411 [main] INFO  testCases.TC002_AccountLogin - entered email
12:32:27.613 [main] INFO  testCases.TC002_AccountLogin - entered password
12:32:27.749 [main] INFO  testCases.TC002_AccountLogin - clicked on submit btn
12:32:28.563 [main] INFO  testCases.TC002_AccountLogin - Page exists
12:32:28.563 [main] INFO  testCases.TC002_AccountLogin - Finished TC002_AccountLogin 
12:33:11.952 [main] DEBUG org.testng.TestNG - suiteXmlPath: "C:\Users\Nikhi\eclipse-workspace\opencartv121\crossbrowsertesting.xml"
12:33:12.854 [main] INFO  org.testng.internal.Utils - [TestNG] Running:
  C:\Users\Nikhi\eclipse-workspace\opencartv121\crossbrowsertesting.xml

12:33:19.239 [TestNG-tests-2] INFO  testCases.TC001_AccountRegistration - Test case TC001_AccountRegistration started
12:33:19.389 [TestNG-tests-1] INFO  testCases.TC001_AccountRegistration - Test case TC001_AccountRegistration started
12:33:19.495 [TestNG-tests-2] INFO  testCases.TC001_AccountRegistration - Clicked my account link
12:33:20.019 [TestNG-tests-2] INFO  testCases.TC001_AccountRegistration - clicked Registrtation link
12:33:20.029 [TestNG-tests-2] INFO  testCases.TC001_AccountRegistration - Providing customer details
12:33:20.977 [TestNG-tests-1] INFO  testCases.TC001_AccountRegistration - Clicked my account link
12:33:22.795 [TestNG-tests-1] INFO  testCases.TC001_AccountRegistration - clicked Registrtation link
12:33:22.796 [TestNG-tests-1] INFO  testCases.TC001_AccountRegistration - Providing customer details
12:33:28.127 [TestNG-tests-2] INFO  testCases.TC001_AccountRegistration - Validating expected msg
12:33:28.128 [TestNG-tests-2] INFO  testCases.TC001_AccountRegistration - Your Account Has Been Created!
12:33:28.141 [TestNG-tests-2] INFO  testCases.TC001_AccountRegistration - Finished TC001_AccountRegistration test case
12:33:28.777 [TestNG-tests-1] INFO  testCases.TC001_AccountRegistration - Validating expected msg
12:33:28.777 [TestNG-tests-1] INFO  testCases.TC001_AccountRegistration - Your Account Has Been Created!
12:33:28.777 [TestNG-tests-1] INFO  testCases.TC001_AccountRegistration - Finished TC001_AccountRegistration test case
22:16:03.259 [main] DEBUG org.testng.TestNG - suiteXmlPath: "C:\Users\Nikhi\eclipse-workspace\opencartv121\docker-grid.xml"
22:16:03.302 [main] WARN  org.testng.xml.TestNGContentHandler - It is strongly recommended to add "<!DOCTYPE suite SYSTEM "https://testng.org/testng-1.1.dtd" >" at the top of the suite file [C:\Users\Nikhi\eclipse-workspace\opencartv121\docker-grid.xml] otherwise TestNG may fail or not work as expected.
22:16:44.362 [main] DEBUG org.testng.TestNG - suiteXmlPath: "C:\Users\Nikhi\eclipse-workspace\opencartv121\docker-grid.xml"
22:16:44.391 [main] WARN  org.testng.xml.TestNGContentHandler - It is strongly recommended to add "<!DOCTYPE suite SYSTEM "https://testng.org/testng-1.1.dtd" >" at the top of the suite file [C:\Users\Nikhi\eclipse-workspace\opencartv121\docker-grid.xml] otherwise TestNG may fail or not work as expected.
22:17:20.004 [main] DEBUG org.testng.TestNG - suiteXmlPath: "C:\Users\Nikhi\eclipse-workspace\opencartv121\docker-grid.xml"
22:17:20.027 [main] WARN  org.testng.xml.TestNGContentHandler - It is strongly recommended to add "<!DOCTYPE suite SYSTEM "https://testng.org/testng-1.1.dtd" >" at the top of the suite file [C:\Users\Nikhi\eclipse-workspace\opencartv121\docker-grid.xml] otherwise TestNG may fail or not work as expected.
22:17:20.387 [main] INFO  org.testng.internal.Utils - [TestNG] Running:
  C:\Users\Nikhi\eclipse-workspace\opencartv121\docker-grid.xml

22:17:27.217 [main] INFO  testCases.TC001_AccountRegistration - Test case TC001_AccountRegistration started
22:17:27.632 [main] INFO  testCases.TC001_AccountRegistration - Clicked my account link
22:17:28.398 [main] INFO  testCases.TC001_AccountRegistration - clicked Registrtation link
22:17:28.410 [main] INFO  testCases.TC001_AccountRegistration - Providing customer details
22:17:31.253 [main] INFO  testCases.TC001_AccountRegistration - Validating expected msg
22:17:31.253 [main] INFO  testCases.TC001_AccountRegistration - Your Account Has Been Created!
22:17:31.259 [main] INFO  testCases.TC001_AccountRegistration - Finished TC001_AccountRegistration test case
22:17:33.480 [main] INFO  testCases.TC002_AccountLogin - ...TC002_AccountLogin started ...
22:17:33.686 [main] INFO  testCases.TC002_AccountLogin - Clicked Account
22:17:34.206 [main] INFO  testCases.TC002_AccountLogin - clicked Login
22:17:34.389 [main] INFO  testCases.TC002_AccountLogin - entered email
22:17:34.611 [main] INFO  testCases.TC002_AccountLogin - entered password
22:17:36.103 [main] INFO  testCases.TC002_AccountLogin - clicked on submit btn
22:17:36.184 [main] INFO  testCases.TC002_AccountLogin - Page exists
22:17:36.184 [main] INFO  testCases.TC002_AccountLogin - Finished TC002_AccountLogin 
22:17:44.921 [main] INFO  testCases.TC001_AccountRegistration - Test case TC001_AccountRegistration started
22:17:45.085 [main] INFO  testCases.TC001_AccountRegistration - Clicked my account link
22:17:45.814 [main] INFO  testCases.TC001_AccountRegistration - clicked Registrtation link
22:17:45.814 [main] INFO  testCases.TC001_AccountRegistration - Providing customer details
22:17:48.076 [main] INFO  testCases.TC001_AccountRegistration - Validating expected msg
22:17:48.076 [main] INFO  testCases.TC001_AccountRegistration - Your Account Has Been Created!
22:17:48.078 [main] INFO  testCases.TC001_AccountRegistration - Finished TC001_AccountRegistration test case
22:17:54.592 [main] INFO  testCases.TC002_AccountLogin - ...TC002_AccountLogin started ...
22:17:54.819 [main] INFO  testCases.TC002_AccountLogin - Clicked Account
22:17:55.364 [main] INFO  testCases.TC002_AccountLogin - clicked Login
22:17:55.544 [main] INFO  testCases.TC002_AccountLogin - entered email
22:17:55.625 [main] INFO  testCases.TC002_AccountLogin - entered password
22:17:56.811 [main] INFO  testCases.TC002_AccountLogin - clicked on submit btn
22:17:56.873 [main] INFO  testCases.TC002_AccountLogin - Page exists
22:17:56.873 [main] INFO  testCases.TC002_AccountLogin - Finished TC002_AccountLogin 
00:06:52.816 [main] DEBUG org.testng.TestNG - suiteXmlPath: "C:\Users\Nikhi\eclipse-workspace\opencartv121\docker-grid.xml"
00:06:52.837 [main] WARN  org.testng.xml.TestNGContentHandler - It is strongly recommended to add "<!DOCTYPE suite SYSTEM "https://testng.org/testng-1.1.dtd" >" at the top of the suite file [C:\Users\Nikhi\eclipse-workspace\opencartv121\docker-grid.xml] otherwise TestNG may fail or not work as expected.
00:06:53.056 [main] INFO  org.testng.internal.Utils - [TestNG] Running:
  C:\Users\Nikhi\eclipse-workspace\opencartv121\docker-grid.xml

00:06:57.673 [main] INFO  testCases.TC001_AccountRegistration - Test case TC001_AccountRegistration started
00:06:57.814 [main] INFO  testCases.TC001_AccountRegistration - Clicked my account link
00:06:58.410 [main] INFO  testCases.TC001_AccountRegistration - clicked Registrtation link
00:06:58.414 [main] INFO  testCases.TC001_AccountRegistration - Providing customer details
00:06:59.950 [main] INFO  testCases.TC001_AccountRegistration - Validating expected msg
00:06:59.952 [main] INFO  testCases.TC001_AccountRegistration - Your Account Has Been Created!
00:06:59.956 [main] INFO  testCases.TC001_AccountRegistration - Finished TC001_AccountRegistration test case
00:07:02.320 [main] INFO  testCases.TC002_AccountLogin - ...TC002_AccountLogin started ...
00:07:02.408 [main] INFO  testCases.TC002_AccountLogin - Clicked Account
00:07:02.820 [main] INFO  testCases.TC002_AccountLogin - clicked Login
00:07:02.913 [main] INFO  testCases.TC002_AccountLogin - entered email
00:07:02.995 [main] INFO  testCases.TC002_AccountLogin - entered password
00:07:03.072 [main] INFO  testCases.TC002_AccountLogin - clicked on submit btn
00:07:03.761 [main] INFO  testCases.TC002_AccountLogin - Page exists
00:07:03.761 [main] INFO  testCases.TC002_AccountLogin - Finished TC002_AccountLogin 
00:07:09.746 [main] INFO  testCases.TC001_AccountRegistration - Test case TC001_AccountRegistration started
00:07:09.854 [main] INFO  testCases.TC001_AccountRegistration - Clicked my account link
00:07:10.296 [main] INFO  testCases.TC001_AccountRegistration - clicked Registrtation link
00:07:10.297 [main] INFO  testCases.TC001_AccountRegistration - Providing customer details
00:07:11.544 [main] INFO  testCases.TC001_AccountRegistration - Validating expected msg
00:07:11.544 [main] INFO  testCases.TC001_AccountRegistration - Your Account Has Been Created!
00:07:11.545 [main] INFO  testCases.TC001_AccountRegistration - Finished TC001_AccountRegistration test case
00:07:14.816 [main] INFO  testCases.TC002_AccountLogin - ...TC002_AccountLogin started ...
00:07:14.932 [main] INFO  testCases.TC002_AccountLogin - Clicked Account
00:07:15.199 [main] INFO  testCases.TC002_AccountLogin - clicked Login
00:07:15.252 [main] INFO  testCases.TC002_AccountLogin - entered email
00:07:15.281 [main] INFO  testCases.TC002_AccountLogin - entered password
00:07:16.000 [main] INFO  testCases.TC002_AccountLogin - clicked on submit btn
00:07:16.036 [main] INFO  testCases.TC002_AccountLogin - Page exists
00:07:16.036 [main] INFO  testCases.TC002_AccountLogin - Finished TC002_AccountLogin 
00:28:48.706 [main] DEBUG org.testng.TestNG - suiteXmlPath: "C:\Users\Nikhi\eclipse-workspace\opencartv121\testng.xml"
00:31:32.944 [main] DEBUG org.testng.TestNG - suiteXmlPath: "C:\Users\Nikhi\eclipse-workspace\opencartv121\testng.xml"
00:33:15.074 [main] DEBUG org.testng.TestNG - suiteXmlPath: "C:\Users\Nikhi\eclipse-workspace\opencartv121\testng.xml"
00:33:21.740 [main] INFO  testCases.TC001_AccountRegistration - Test case TC001_AccountRegistration started
00:33:22.830 [main] INFO  testCases.TC001_AccountRegistration - Clicked my account link
00:33:23.863 [main] INFO  testCases.TC001_AccountRegistration - clicked Registrtation link
00:33:23.902 [main] INFO  testCases.TC001_AccountRegistration - Providing customer details
00:33:26.969 [main] INFO  testCases.TC001_AccountRegistration - Validating expected msg
00:33:26.971 [main] INFO  testCases.TC001_AccountRegistration - Your Account Has Been Created!
00:33:26.973 [main] INFO  testCases.TC001_AccountRegistration - Finished TC001_AccountRegistration test case
00:33:29.833 [main] INFO  testCases.TC002_AccountLogin - ...TC002_AccountLogin started ...
00:33:30.673 [main] INFO  testCases.TC002_AccountLogin - Clicked Account
00:33:31.144 [main] INFO  testCases.TC002_AccountLogin - clicked Login
00:33:31.316 [main] INFO  testCases.TC002_AccountLogin - entered email
00:33:31.401 [main] INFO  testCases.TC002_AccountLogin - entered password
00:33:31.551 [main] INFO  testCases.TC002_AccountLogin - clicked on submit btn
00:33:32.252 [main] INFO  testCases.TC002_AccountLogin - Page exists
00:33:32.252 [main] INFO  testCases.TC002_AccountLogin - Finished TC002_AccountLogin 
12:20:31.202 [main] DEBUG org.testng.TestNG - suiteXmlPath: "C:\Users\Nikhi\eclipse-workspace\opencartv121\testng.xml"
12:20:35.635 [main] INFO  testCases.TC001_AccountRegistration - Test case TC001_AccountRegistration started
12:20:35.753 [main] INFO  testCases.TC001_AccountRegistration - Clicked my account link
12:20:36.063 [main] INFO  testCases.TC001_AccountRegistration - clicked Registrtation link
12:20:36.069 [main] INFO  testCases.TC001_AccountRegistration - Providing customer details
12:20:37.764 [main] INFO  testCases.TC001_AccountRegistration - Validating expected msg
12:20:37.764 [main] INFO  testCases.TC001_AccountRegistration - Your Account Has Been Created!
12:20:37.767 [main] INFO  testCases.TC001_AccountRegistration - Finished TC001_AccountRegistration test case
12:20:39.521 [main] INFO  testCases.TC002_AccountLogin - ...TC002_AccountLogin started ...
12:20:39.745 [main] INFO  testCases.TC002_AccountLogin - Clicked Account
12:20:40.008 [main] INFO  testCases.TC002_AccountLogin - clicked Login
12:20:40.126 [main] INFO  testCases.TC002_AccountLogin - entered email
12:20:40.200 [main] INFO  testCases.TC002_AccountLogin - entered password
12:20:40.312 [main] INFO  testCases.TC002_AccountLogin - clicked on submit btn
12:20:40.961 [main] INFO  testCases.TC002_AccountLogin - Page exists
12:20:40.961 [main] INFO  testCases.TC002_AccountLogin - Finished TC002_AccountLogin 
12:35:10.466 [main] DEBUG org.testng.TestNG - suiteXmlPath: "C:\Users\Nikhi\eclipse-workspace\opencartv121\testng.xml"
12:35:13.175 [main] INFO  testCases.TC001_AccountRegistration - Test case TC001_AccountRegistration started
12:35:13.323 [main] INFO  testCases.TC001_AccountRegistration - Clicked my account link
12:35:13.640 [main] INFO  testCases.TC001_AccountRegistration - clicked Registrtation link
12:35:13.651 [main] INFO  testCases.TC001_AccountRegistration - Providing customer details
12:35:15.309 [main] INFO  testCases.TC001_AccountRegistration - Validating expected msg
12:35:15.309 [main] INFO  testCases.TC001_AccountRegistration - Your Account Has Been Created!
12:35:15.313 [main] INFO  testCases.TC001_AccountRegistration - Finished TC001_AccountRegistration test case
12:35:16.934 [main] INFO  testCases.TC002_AccountLogin - ...TC002_AccountLogin started ...
12:35:17.108 [main] INFO  testCases.TC002_AccountLogin - Clicked Account
12:35:17.370 [main] INFO  testCases.TC002_AccountLogin - clicked Login
12:35:17.484 [main] INFO  testCases.TC002_AccountLogin - entered email
12:35:17.564 [main] INFO  testCases.TC002_AccountLogin - entered password
12:35:17.665 [main] INFO  testCases.TC002_AccountLogin - clicked on submit btn
12:35:18.506 [main] INFO  testCases.TC002_AccountLogin - Page exists
12:35:18.506 [main] INFO  testCases.TC002_AccountLogin - Finished TC002_AccountLogin 
